Watching for file changes with StatReloader
Waiting for apps ready_event.
Apps ready_event triggered. Sending autoreload_started signal.
Watching dir C:\Users\DELL\projects\telusko\templates with glob **/*.
Watching dir C:\Users\DELL\Envs\test\Lib\site-packages\ckeditor_uploader\templates with glob **/*.
Watching dir C:\Users\DELL\Envs\test\Lib\site-packages\ckeditor\templates with glob **/*.
Watching dir C:\Users\DELL\projects\telusko\locale with glob **/*.mo.
Watching dir C:\Users\DELL\projects\telusko\travello\locale with glob **/*.mo.
Watching dir C:\Users\DELL\Envs\test\Lib\site-packages\ckeditor\locale with glob **/*.mo.
Watching dir C:\Users\DELL\Envs\test\Lib\site-packages\ckeditor_uploader\locale with glob **/*.mo.
(0.016) 
            SELECT
                c.relname,
                CASE
                    WHEN c.relispartition THEN 'p'
                    WHEN c.relkind IN ('m', 'v') THEN 'v'
                    ELSE 't'
                END,
                obj_description(c.oid, 'pg_class')
            FROM pg_catalog.pg_class c
            LEFT JOIN pg_catalog.pg_namespace n ON n.oid = c.relnamespace
            WHERE c.relkind IN ('f', 'm', 'p', 'r', 'v')
                AND n.nspname NOT IN ('pg_catalog', 'pg_toast')
                AND pg_catalog.pg_table_is_visible(c.oid)
        ; args=None; alias=default
(0.016) SELECT "django_migrations"."id", "django_migrations"."app", "django_migrations"."name", "django_migrations"."applied" FROM "django_migrations"; args=(); alias=default
File C:\Users\DELL\Envs\test\Lib\site-packages\django\core\signals.py first seen with mtime 1737364400.9817717
File C:\Users\DELL\Envs\test\Lib\site-packages\django\db\models\sql\where.py first seen with mtime 1737364401.3560615
File C:\Users\DELL\Envs\test\Lib\site-packages\django\core\servers\basehttp.py first seen with mtime 1737364401.140409
File C:\Users\DELL\AppData\Local\Programs\Python\Python311\Lib\email\__init__.py first seen with mtime 1692869350.0
File C:\Users\DELL\AppData\Local\Programs\Python\Python311\Lib\asyncio\format_helpers.py first seen with mtime 1692869350.0
File C:\Users\DELL\AppData\Local\Programs\Python\Python311\Lib\queue.py first seen with mtime 1692869352.0
File C:\Users\DELL\Envs\test\Lib\site-packages\sqlparse\keywords.py first seen with mtime 1737364394.4437869
File C:\Users\DELL\Envs\test\Lib\site-packages\django\contrib\admin\views\__init__.py first seen with mtime 1737364396.476632
File C:\Users\DELL\Envs\test\Lib\site-packages\django\utils\translation\__init__.py first seen with mtime 1737364401.5688481
File C:\Users\DELL\Envs\test\Lib\site-packages\django\views\debug.py first seen with mtime 1737364401.5749526
File C:\Users\DELL\Envs\test\Lib\site-packages\django\views\generic\__init__.py first seen with mtime 1737364401.5889392
File C:\Users\DELL\Envs\test\Lib\site-packages\django\core\__init__.py first seen with mtime 1737364400.9737787
File C:\Users\DELL\Envs\test\Lib\site-packages\django\contrib\sessions\backends\__init__.py first seen with mtime 1737364400.2021668
File C:\Users\DELL\Envs\test\Lib\site-packages\ckeditor_uploader\urls.py first seen with mtime 1738057669.0166416
File C:\Users\DELL\Envs\test\Lib\site-packages\django\urls\converters.py first seen with mtime 1737364401.5248895
File C:\Users\DELL\Envs\test\Lib\site-packages\django\contrib\contenttypes\management\__init__.py first seen with mtime 1737364397.4550273
File C:\Users\DELL\Envs\test\Lib\site-packages\django\core\wsgi.py first seen with mtime 1737364400.9857683
File C:\Users\DELL\AppData\Local\Programs\Python\Python311\Lib\urllib\parse.py first seen with mtime 1692869352.0
File C:\Users\DELL\Envs\test\Lib\site-packages\django\contrib\auth\__init__.py first seen with mtime 1737364396.732404
File C:\Users\DELL\Envs\test\Lib\site-packages\django\utils\formats.py first seen with mtime 1737364401.5458705
File C:\Users\DELL\AppData\Local\Programs\Python\Python311\Lib\ssl.py first seen with mtime 1692869352.0
File C:\Users\DELL\AppData\Local\Programs\Python\Python311\Lib\enum.py first seen with mtime 1692869350.0
File C:\Users\DELL\Envs\test\Lib\site-packages\django\core\checks\urls.py first seen with mtime 1737364401.0355074
File C:\Users\DELL\Envs\test\Lib\site-packages\django\core\cache\backends\base.py first seen with mtime 1737364400.9907632
File C:\Users\DELL\Envs\test\Lib\site-packages\django\template\context.py first seen with mtime 1737364401.4849265
File C:\Users\DELL\AppData\Local\Programs\Python\Python311\Lib\bisect.py first seen with mtime 1692869350.0
File C:\Users\DELL\AppData\Local\Programs\Python\Python311\DLLs\_overlapped.pyd first seen with mtime 1692869398.0
File C:\Users\DELL\Envs\test\Lib\site-packages\django\urls\conf.py first seen with mtime 1737364401.5238895
File C:\Users\DELL\Envs\test\Lib\site-packages\django\contrib\admin\views\main.py first seen with mtime 1737364396.4796288
File C:\Users\DELL\AppData\Local\Programs\Python\Python311\Lib\wsgiref\headers.py first seen with mtime 1692869352.0
File C:\Users\DELL\AppData\Local\Programs\Python\Python311\DLLs\_zoneinfo.pyd first seen with mtime 1692869400.0
File C:\Users\DELL\Envs\test\Lib\site-packages\django\utils\safestring.py first seen with mtime 1737364401.5598562
File C:\Users\DELL\Envs\test\Lib\site-packages\django\db\utils.py first seen with mtime 1737364401.1444058
File C:\Users\DELL\Envs\test\Lib\site-packages\django\db\backends\base\operations.py first seen with mtime 1737364401.1573946
File C:\Users\DELL\Envs\test\Lib\site-packages\django\db\models\base.py first seen with mtime 1737364401.3092518
File C:\Users\DELL\AppData\Local\Programs\Python\Python311\Lib\pathlib.py first seen with mtime 1692869352.0
File C:\Users\DELL\AppData\Local\Programs\Python\Python311\Lib\warnings.py first seen with mtime 1692869352.0
File C:\Users\DELL\projects\telusko\travello\urls.py first seen with mtime 1738227860.9544725
File C:\Users\DELL\AppData\Local\Programs\Python\Python311\Lib\asyncio\staggered.py first seen with mtime 1692869350.0
File C:\Users\DELL\Envs\test\Lib\site-packages\django\core\checks\files.py first seen with mtime 1737364401.0067477
File C:\Users\DELL\AppData\Local\Programs\Python\Python311\DLLs\select.pyd first seen with mtime 1692869398.0
File C:\Users\DELL\Envs\test\Lib\site-packages\django\views\generic\dates.py first seen with mtime 1737364401.5909374
File C:\Users\DELL\Envs\test\Lib\site-packages\django\contrib\auth\views.py first seen with mtime 1737364396.7543817
File C:\Users\DELL\AppData\Local\Programs\Python\Python311\Lib\importlib\__init__.py first seen with mtime 1692869352.0
File C:\Users\DELL\Envs\test\Lib\site-packages\django\http\request.py first seen with mtime 1737364401.469941
File C:\Users\DELL\Envs\test\Lib\site-packages\sqlparse\engine\__init__.py first seen with mtime 1737364394.4507802
File C:\Users\DELL\AppData\Local\Programs\Python\Python311\Lib\ctypes\__init__.py first seen with mtime 1692869350.0
File C:\Users\DELL\Envs\test\Lib\site-packages\django\core\cache\backends\locmem.py first seen with mtime 1737364400.998755
File C:\Users\DELL\Envs\test\Lib\site-packages\django\core\files\uploadhandler.py first seen with mtime 1737364401.053492
File C:\Users\DELL\Envs\test\Lib\site-packages\django\db\models\functions\text.py first seen with mtime 1737364401.3455567
File C:\Users\DELL\AppData\Local\Programs\Python\Python311\Lib\asyncio\windows_utils.py first seen with mtime 1692869350.0
File C:\Users\DELL\Envs\test\Lib\site-packages\django\utils\_os.py first seen with mtime 1737364401.5288854
File C:\Users\DELL\AppData\Local\Programs\Python\Python311\Lib\lzma.py first seen with mtime 1692869352.0
File C:\Users\DELL\Envs\test\Lib\site-packages\PIL\_util.py first seen with mtime 1737623534.7447102
File C:\Users\DELL\Envs\test\Lib\site-packages\django\contrib\contenttypes\checks.py first seen with mtime 1737364397.0900683
File C:\Users\DELL\Envs\test\Lib\site-packages\django\contrib\sites\requests.py first seen with mtime 1737364400.5854728
File C:\Users\DELL\Envs\test\Lib\site-packages\django\utils\translation\reloader.py first seen with mtime 1737364401.5698473
File C:\Users\DELL\Envs\test\Lib\site-packages\django\utils\timezone.py first seen with mtime 1737364401.562853
File C:\Users\DELL\Envs\test\Lib\site-packages\psycopg2\extensions.py first seen with mtime 1737622917.0392313
File C:\Users\DELL\Envs\test\Lib\site-packages\django\contrib\staticfiles\utils.py first seen with mtime 1737364400.9627886
File C:\Users\DELL\Envs\test\Lib\site-packages\ckeditor\__init__.py first seen with mtime 1738057667.5099654
File C:\Users\DELL\AppData\Local\Programs\Python\Python311\DLLs\unicodedata.pyd first seen with mtime 1692869398.0
File C:\Users\DELL\Envs\test\Lib\site-packages\django\db\models\expressions.py first seen with mtime 1737364401.315247
File C:\Users\DELL\projects\telusko\telusko\settings.py first seen with mtime 1738577468.743836
File C:\Users\DELL\Envs\test\Lib\site-packages\django\core\files\move.py first seen with mtime 1737364401.0494947
File C:\Users\DELL\Envs\test\Lib\site-packages\django\core\checks\model_checks.py first seen with mtime 1737364401.031511
File C:\Users\DELL\Envs\test\Lib\site-packages\django\core\files\temp.py first seen with mtime 1737364401.0504944
File C:\Users\DELL\AppData\Local\Programs\Python\Python311\Lib\typing.py first seen with mtime 1692869352.0
File C:\Users\DELL\Envs\test\Lib\site-packages\django\contrib\admin\templatetags\log.py first seen with mtime 1737364396.476632
File C:\Users\DELL\Envs\test\Lib\site-packages\django\contrib\staticfiles\management\commands\__init__.py first seen with mtime 1737364400.9667852
File C:\Users\DELL\Envs\test\Lib\site-packages\django\db\models\sql\subqueries.py first seen with mtime 1737364401.3560615
File C:\Users\DELL\AppData\Local\Programs\Python\Python311\Lib\wsgiref\handlers.py first seen with mtime 1692869352.0
File C:\Users\DELL\projects\telusko\accounts\urls.py first seen with mtime 1737972169.5895603
File C:\Users\DELL\AppData\Local\Programs\Python\Python311\Lib\asyncio\__init__.py first seen with mtime 1692869350.0
File C:\Users\DELL\Envs\test\Lib\site-packages\ckeditor_uploader\backends\__init__.py first seen with mtime 1738057669.0297663
File C:\Users\DELL\AppData\Local\Programs\Python\Python311\Lib\gettext.py first seen with mtime 1692869350.0
File C:\Users\DELL\AppData\Local\Programs\Python\Python311\Lib\copyreg.py first seen with mtime 1692869350.0
File C:\Users\DELL\Envs\test\Lib\site-packages\django\db\models\fields\related_lookups.py first seen with mtime 1737364401.3395615
File C:\Users\DELL\AppData\Local\Programs\Python\Python311\Lib\pickle.py first seen with mtime 1692869352.0
File C:\Users\DELL\Envs\test\Lib\site-packages\django\forms\fields.py first seen with mtime 1737364401.3610413
File C:\Users\DELL\AppData\Local\Programs\Python\Python311\Lib\pprint.py first seen with mtime 1692869352.0
File C:\Users\DELL\AppData\Local\Programs\Python\Python311\Lib\asyncio\taskgroups.py first seen with mtime 1692869350.0
File C:\Users\DELL\AppData\Local\Programs\Python\Python311\Lib\graphlib.py first seen with mtime 1692869350.0
File C:\Users\DELL\Envs\test\Lib\site-packages\django\forms\forms.py first seen with mtime 1737364401.3630424
File C:\Users\DELL\AppData\Local\Programs\Python\Python311\DLLs\_ctypes.pyd first seen with mtime 1692869398.0
File C:\Users\DELL\Envs\test\Lib\site-packages\django\conf\locale\__init__.py first seen with mtime 1737364395.2804382
File C:\Users\DELL\AppData\Local\Programs\Python\Python311\Lib\concurrent\__init__.py first seen with mtime 1692869350.0
File C:\Users\DELL\Envs\test\Lib\site-packages\django\utils\datastructures.py first seen with mtime 1737364401.5378773
File C:\Users\DELL\AppData\Local\Programs\Python\Python311\Lib\ctypes\_endian.py first seen with mtime 1692869350.0
File C:\Users\DELL\AppData\Local\Programs\Python\Python311\Lib\email\_policybase.py first seen with mtime 1692869350.0
File C:\Users\DELL\AppData\Local\Programs\Python\Python311\Lib\copy.py first seen with mtime 1692869350.0
File C:\Users\DELL\AppData\Local\Programs\Python\Python311\DLLs\_lzma.pyd first seen with mtime 1692869400.0
File C:\Users\DELL\Envs\test\Lib\site-packages\django\contrib\staticfiles\apps.py first seen with mtime 1737364400.9537969
File C:\Users\DELL\Envs\test\Lib\site-packages\django\forms\utils.py first seen with mtime 1737364401.3690338
File C:\Users\DELL\Envs\test\Lib\site-packages\sqlparse\lexer.py first seen with mtime 1737364394.4457858
File C:\Users\DELL\Envs\test\Lib\site-packages\django\db\models\functions\mixins.py first seen with mtime 1737364401.3445573
File C:\Users\DELL\AppData\Local\Programs\Python\Python311\Lib\tokenize.py first seen with mtime 1692869352.0
File C:\Users\DELL\Envs\test\Lib\site-packages\ckeditor_uploader\backends\pillow_backend.py first seen with mtime 1738057669.0317645
File C:\Users\DELL\Envs\test\Lib\site-packages\django\core\files\locks.py first seen with mtime 1737364401.0484955
File C:\Users\DELL\Envs\test\Lib\site-packages\django\db\backends\base\creation.py first seen with mtime 1737364401.1543963
File C:\Users\DELL\Envs\test\Lib\site-packages\django\template\loaders\app_directories.py first seen with mtime 1737364401.5029104
File C:\Users\DELL\AppData\Local\Programs\Python\Python311\Lib\sysconfig.py first seen with mtime 1692869352.0
File C:\Users\DELL\Envs\test\Lib\site-packages\django\forms\formsets.py first seen with mtime 1737364401.3650377
File C:\Users\DELL\Envs\test\Lib\site-packages\django\db\models\lookups.py first seen with mtime 1737364401.3182437
File C:\Users\DELL\Envs\test\Lib\site-packages\django\db\backends\postgresql\creation.py first seen with mtime 1737364401.219336
File C:\Users\DELL\Envs\test\Lib\site-packages\ckeditor_uploader\fields.py first seen with mtime 1738057669.013647
File C:\Users\DELL\AppData\Local\Programs\Python\Python311\Lib\hashlib.py first seen with mtime 1692869350.0
File C:\Users\DELL\Envs\test\Lib\site-packages\django\core\mail\utils.py first seen with mtime 1737364401.074472
File C:\Users\DELL\Envs\test\Lib\site-packages\django\apps\registry.py first seen with mtime 1737364395.2720144
File C:\Users\DELL\Envs\test\Lib\site-packages\django\contrib\messages\storage\base.py first seen with mtime 1737364399.370983
File C:\Users\DELL\Envs\test\Lib\site-packages\sqlparse\tokens.py first seen with mtime 1737364394.4477825
File C:\Users\DELL\Envs\test\Lib\site-packages\django\core\paginator.py first seen with mtime 1737364400.9797752
File C:\Users\DELL\Envs\test\Lib\site-packages\django\contrib\admin\options.py first seen with mtime 1737364395.7513902
File C:\Users\DELL\Envs\test\Lib\site-packages\django\utils\inspect.py first seen with mtime 1737364401.5518627
File C:\Users\DELL\AppData\Local\Programs\Python\Python311\Lib\asyncio\selector_events.py first seen with mtime 1692869350.0
File C:\Users\DELL\Envs\test\Lib\site-packages\django\db\migrations\migration.py first seen with mtime 1737364401.2702904
File C:\Users\DELL\Envs\test\Lib\site-packages\django\utils\termcolors.py first seen with mtime 1737364401.5598562
File C:\Users\DELL\Envs\test\Lib\site-packages\sqlparse\filters\right_margin.py first seen with mtime 1737364394.4607706
File C:\Users\DELL\AppData\Local\Programs\Python\Python311\Lib\difflib.py first seen with mtime 1692869350.0
File C:\Users\DELL\Envs\test\Lib\site-packages\django\core\management\commands\__init__.py first seen with mtime 1737364401.0934527
File C:\Users\DELL\Envs\test\Lib\site-packages\django\db\backends\__init__.py first seen with mtime 1737364401.1464045
File C:\Users\DELL\AppData\Local\Programs\Python\Python311\Lib\email\contentmanager.py first seen with mtime 1692869350.0
File C:\Users\DELL\AppData\Local\Programs\Python\Python311\Lib\tempfile.py first seen with mtime 1692869352.0
File C:\Users\DELL\AppData\Local\Programs\Python\Python311\Lib\getpass.py first seen with mtime 1692869350.0
File C:\Users\DELL\Envs\test\Lib\site-packages\django\contrib\contenttypes\__init__.py first seen with mtime 1737364397.0860724
File C:\Users\DELL\AppData\Local\Programs\Python\Python311\Lib\html\__init__.py first seen with mtime 1692869350.0
File C:\Users\DELL\AppData\Local\Programs\Python\Python311\Lib\zoneinfo\_tzpath.py first seen with mtime 1692869352.0
File C:\Users\DELL\AppData\Local\Programs\Python\Python311\DLLs\_asyncio.pyd first seen with mtime 1692869400.0
File C:\Users\DELL\AppData\Local\Programs\Python\Python311\Lib\asyncio\futures.py first seen with mtime 1692869350.0
File C:\Users\DELL\Envs\test\Lib\site-packages\django\db\models\sql\query.py first seen with mtime 1737364401.355047
File C:\Users\DELL\Envs\test\Lib\site-packages\django\db\backends\ddl_references.py first seen with mtime 1737364401.1474037
File C:\Users\DELL\Envs\test\Lib\site-packages\django\db\models\fields\files.py first seen with mtime 1737364401.326236
File C:\Users\DELL\AppData\Local\Programs\Python\Python311\Lib\ipaddress.py first seen with mtime 1692869352.0
File C:\Users\DELL\Envs\test\Lib\site-packages\django\db\backends\base\schema.py first seen with mtime 1737364401.1583931
File C:\Users\DELL\Envs\test\Lib\site-packages\django\db\backends\postgresql\schema.py first seen with mtime 1737364401.2473102
File C:\Users\DELL\Envs\test\Lib\site-packages\django\core\servers\__init__.py first seen with mtime 1737364401.139411
File C:\Users\DELL\AppData\Local\Programs\Python\Python311\Lib\re\_parser.py first seen with mtime 1692869352.0
File C:\Users\DELL\AppData\Local\Programs\Python\Python311\Lib\asyncio\base_tasks.py first seen with mtime 1692869350.0
File C:\Users\DELL\Envs\test\Lib\site-packages\asgiref\sync.py first seen with mtime 1737364394.996271
File C:\Users\DELL\Envs\test\Lib\site-packages\django\templatetags\__init__.py first seen with mtime 1737364401.505907
File C:\Users\DELL\Envs\test\Lib\site-packages\django\forms\widgets.py first seen with mtime 1737364401.3700335
File C:\Users\DELL\Envs\test\Lib\site-packages\django\db\models\sql\constants.py first seen with mtime 1737364401.3520439
File C:\Users\DELL\Envs\test\Lib\site-packages\django\contrib\admin\templatetags\admin_modify.py first seen with mtime 1737364396.473371
File C:\Users\DELL\Envs\test\Lib\site-packages\django\contrib\contenttypes\admin.py first seen with mtime 1737364397.0870714
File C:\Users\DELL\AppData\Local\Programs\Python\Python311\Lib\email\message.py first seen with mtime 1692869350.0
File C:\Users\DELL\Envs\test\Lib\site-packages\django\db\models\indexes.py first seen with mtime 1737364401.3162465
File C:\Users\DELL\Envs\test\Lib\site-packages\django\template\defaultfilters.py first seen with mtime 1737364401.4869242
File C:\Users\DELL\Envs\test\Lib\site-packages\django\core\files\storage\handler.py first seen with mtime 1737364401.060485
File C:\Users\DELL\AppData\Local\Programs\Python\Python311\Lib\string.py first seen with mtime 1692869352.0
File C:\Users\DELL\Envs\test\Lib\site-packages\django\utils\http.py first seen with mtime 1737364401.5518627
File C:\Users\DELL\Envs\test\Lib\site-packages\PIL\ExifTags.py first seen with mtime 1737623534.403029
File C:\Users\DELL\Envs\test\Lib\site-packages\PIL\TiffTags.py first seen with mtime 1737623534.5568867
File C:\Users\DELL\Envs\test\Lib\site-packages\PIL\_binary.py first seen with mtime 1737623534.6118348
File C:\Users\DELL\Envs\test\Lib\site-packages\django\contrib\messages\constants.py first seen with mtime 1737364399.3619914
File C:\Users\DELL\Envs\test\Lib\site-packages\django\core\management\color.py first seen with mtime 1737364401.0884583
File C:\Users\DELL\Envs\test\Lib\site-packages\django\template\autoreload.py first seen with mtime 1737364401.4819286
File C:\Users\DELL\Envs\test\Lib\site-packages\django\core\files\storage\base.py first seen with mtime 1737364401.0574875
File C:\Users\DELL\Envs\test\Lib\site-packages\django\core\checks\security\sessions.py first seen with mtime 1737364401.0425017
File C:\Users\DELL\Envs\test\Lib\site-packages\django\utils\regex_helper.py first seen with mtime 1737364401.5588567
File C:\Users\DELL\Envs\test\Lib\site-packages\django\utils\decorators.py first seen with mtime 1737364401.5418737
File C:\Users\DELL\AppData\Local\Programs\Python\Python311\Lib\pkgutil.py first seen with mtime 1692869352.0
File C:\Users\DELL\Envs\test\Lib\site-packages\sqlparse\cli.py first seen with mtime 1737364394.4397907
File C:\Users\DELL\AppData\Local\Programs\Python\Python311\Lib\glob.py first seen with mtime 1692869350.0
File C:\Users\DELL\AppData\Local\Programs\Python\Python311\Lib\keyword.py first seen with mtime 1692869352.0
File C:\Users\DELL\AppData\Local\Programs\Python\Python311\Lib\asyncio\base_events.py first seen with mtime 1692869350.0
File C:\Users\DELL\Envs\test\Lib\site-packages\sqlparse\filters\output.py first seen with mtime 1737364394.4587724
File C:\Users\DELL\Envs\test\Lib\site-packages\django\apps\__init__.py first seen with mtime 1737364395.2700171
File C:\Users\DELL\Envs\test\Lib\site-packages\django\contrib\contenttypes\views.py first seen with mtime 1737364397.0960631
File C:\Users\DELL\Envs\test\Lib\site-packages\django\core\cache\backends\__init__.py first seen with mtime 1737364400.9897645
File C:\Users\DELL\Envs\test\Lib\site-packages\django\db\models\fields\generated.py first seen with mtime 1737364401.327235
File C:\Users\DELL\AppData\Local\Programs\Python\Python311\Lib\hmac.py first seen with mtime 1692869350.0
File C:\Users\DELL\AppData\Local\Programs\Python\Python311\Lib\_weakrefset.py first seen with mtime 1692869350.0
File C:\Users\DELL\Envs\test\Lib\site-packages\django\core\checks\compatibility\django_4_0.py first seen with mtime 1737364401.0375056
File C:\Users\DELL\Envs\test\Lib\site-packages\django\core\management\base.py first seen with mtime 1737364401.087459
File C:\Users\DELL\Envs\test\Lib\site-packages\psycopg2\_psycopg.cp311-win_amd64.pyd first seen with mtime 1737622917.0352342
File C:\Users\DELL\Envs\test\Lib\site-packages\django\contrib\admin\models.py first seen with mtime 1737364395.7493923
File C:\Users\DELL\Envs\test\Lib\site-packages\django\contrib\admin\helpers.py first seen with mtime 1737364395.748393
File C:\Users\DELL\Envs\test\Lib\site-packages\django\core\serializers\json.py first seen with mtime 1737364401.1334157
File C:\Users\DELL\Envs\test\Lib\site-packages\PIL\_deprecate.py first seen with mtime 1737623534.6148324
File C:\Users\DELL\Envs\test\Lib\site-packages\django\db\backends\postgresql\features.py first seen with mtime 1737364401.2203362
File C:\Users\DELL\Envs\test\Lib\site-packages\django\db\models\__init__.py first seen with mtime 1737364401.307257
File C:\Users\DELL\Envs\test\Lib\site-packages\django\utils\deprecation.py first seen with mtime 1737364401.542873
File C:\Users\DELL\Envs\test\Lib\site-packages\django\core\checks\compatibility\__init__.py first seen with mtime 1737364401.0365071
File C:\Users\DELL\Envs\test\Lib\site-packages\django\db\transaction.py first seen with mtime 1737364401.142408
File C:\Users\DELL\Envs\test\Lib\site-packages\django\conf\__init__.py first seen with mtime 1737364395.2730153
File C:\Users\DELL\AppData\Local\Programs\Python\Python311\Lib\collections\abc.py first seen with mtime 1692869350.0
File C:\Users\DELL\AppData\Local\Programs\Python\Python311\Lib\opcode.py first seen with mtime 1692869352.0
File C:\Users\DELL\Envs\test\Lib\site-packages\django\core\checks\async_checks.py first seen with mtime 1737364401.003752
File C:\Users\DELL\AppData\Local\Programs\Python\Python311\Lib\asyncio\events.py first seen with mtime 1692869350.0
File C:\Users\DELL\Envs\test\Lib\site-packages\django\db\models\deletion.py first seen with mtime 1737364401.3112497
File C:\Users\DELL\Envs\test\Lib\site-packages\django\contrib\staticfiles\checks.py first seen with mtime 1737364400.9547963
File C:\Users\DELL\Envs\test\Lib\site-packages\django\contrib\staticfiles\finders.py first seen with mtime 1737364400.9557955
File C:\Users\DELL\Envs\test\Lib\site-packages\django\db\migrations\operations\base.py first seen with mtime 1737364401.2822776
File C:\Users\DELL\AppData\Local\Programs\Python\Python311\Lib\asyncio\base_subprocess.py first seen with mtime 1692869350.0
File C:\Users\DELL\Envs\test\Lib\site-packages\django\db\models\query_utils.py first seen with mtime 1737364401.3232398
File C:\Users\DELL\AppData\Local\Programs\Python\Python311\Lib\http\__init__.py first seen with mtime 1692869350.0
File C:\Users\DELL\AppData\Local\Programs\Python\Python311\Lib\http\client.py first seen with mtime 1692869350.0
File C:\Users\DELL\Envs\test\Lib\site-packages\django\contrib\auth\tokens.py first seen with mtime 1737364396.7513847
File C:\Users\DELL\Envs\test\Lib\site-packages\django\contrib\auth\middleware.py first seen with mtime 1737364396.7453904
File C:\Users\DELL\Envs\test\Lib\site-packages\django\utils\numberformat.py first seen with mtime 1737364401.557858
File C:\Users\DELL\Envs\test\Lib\site-packages\django\contrib\messages\utils.py first seen with mtime 1737364399.3659885
File C:\Users\DELL\AppData\Local\Programs\Python\Python311\DLLs\_decimal.pyd first seen with mtime 1692869398.0
File C:\Users\DELL\Envs\test\Lib\site-packages\django\templatetags\static.py first seen with mtime 1737364401.5089035
File C:\Users\DELL\AppData\Local\Programs\Python\Python311\Lib\email\base64mime.py first seen with mtime 1692869350.0
File C:\Users\DELL\Envs\test\Lib\site-packages\django\contrib\auth\signals.py first seen with mtime 1737364396.7503846
File C:\Users\DELL\AppData\Local\Programs\Python\Python311\Lib\struct.py first seen with mtime 1692869352.0
File C:\Users\DELL\AppData\Local\Programs\Python\Python311\Lib\decimal.py first seen with mtime 1692869350.0
File C:\Users\DELL\Envs\test\Lib\site-packages\django\apps\config.py first seen with mtime 1737364395.2710164
File C:\Users\DELL\Envs\test\Lib\site-packages\django\template\loaders\cached.py first seen with mtime 1737364401.5039093
File C:\Users\DELL\AppData\Local\Programs\Python\Python311\Lib\asyncio\protocols.py first seen with mtime 1692869350.0
File C:\Users\DELL\Envs\test\Lib\site-packages\django\http\response.py first seen with mtime 1737364401.4719396
File C:\Users\DELL\Envs\test\Lib\site-packages\django\views\decorators\common.py first seen with mtime 1737364401.5809474
File C:\Users\DELL\AppData\Local\Programs\Python\Python311\Lib\re\_casefix.py first seen with mtime 1692869352.0
File C:\Users\DELL\AppData\Local\Programs\Python\Python311\Lib\threading.py first seen with mtime 1692869352.0
File C:\Users\DELL\Envs\test\Lib\site-packages\psycopg2\__init__.py first seen with mtime 1737622917.0105932
File C:\Users\DELL\Envs\test\Lib\site-packages\django\contrib\auth\models.py first seen with mtime 1737364396.748388
File C:\Users\DELL\Envs\test\Lib\site-packages\django\utils\crypto.py first seen with mtime 1737364401.5378773
File C:\Users\DELL\Envs\test\Lib\site-packages\django\db\__init__.py first seen with mtime 1737364401.141409
File C:\Users\DELL\Envs\test\Lib\site-packages\django\contrib\staticfiles\management\__init__.py first seen with mtime 1737364400.9657855
File C:\Users\DELL\Envs\test\Lib\site-packages\sqlparse\sql.py first seen with mtime 1737364394.446784
File C:\Users\DELL\Envs\test\Lib\site-packages\django\utils\translation\trans_real.py first seen with mtime 1737364401.571956
File C:\Users\DELL\AppData\Local\Programs\Python\Python311\Lib\nturl2path.py first seen with mtime 1692869352.0
File C:\Users\DELL\Envs\test\Lib\site-packages\django\db\models\fields\json.py first seen with mtime 1737364401.333562
File C:\Users\DELL\Envs\test\Lib\site-packages\django\contrib\auth\admin.py first seen with mtime 1737364396.7334006
File C:\Users\DELL\Envs\test\Lib\site-packages\django\utils\deconstruct.py first seen with mtime 1737364401.5408745
File C:\Users\DELL\Envs\test\Lib\site-packages\psycopg2\_range.py first seen with mtime 1737622917.0362346
File C:\Users\DELL\Envs\test\Lib\site-packages\django\templatetags\i18n.py first seen with mtime 1737364401.507904
File C:\Users\DELL\Envs\test\Lib\site-packages\django\core\cache\__init__.py first seen with mtime 1737364400.9877672
File C:\Users\DELL\AppData\Local\Programs\Python\Python311\Lib\re\_compiler.py first seen with mtime 1692869352.0
File C:\Users\DELL\Envs\test\Lib\site-packages\django\db\models\fields\mixins.py first seen with mtime 1737364401.3345678
File C:\Users\DELL\Envs\test\Lib\site-packages\django\contrib\messages\apps.py first seen with mtime 1737364399.3609917
File C:\Users\DELL\AppData\Local\Programs\Python\Python311\Lib\quopri.py first seen with mtime 1692869352.0
File C:\Users\DELL\AppData\Local\Programs\Python\Python311\Lib\re\__init__.py first seen with mtime 1692869352.0
File C:\Users\DELL\Envs\test\Lib\site-packages\PIL\_typing.py first seen with mtime 1737623534.743711
File C:\Users\DELL\Envs\test\Lib\site-packages\django\db\backends\postgresql\operations.py first seen with mtime 1737364401.2233326
File C:\Users\DELL\Envs\test\Lib\site-packages\django\utils\timesince.py first seen with mtime 1737364401.561854
File C:\Users\DELL\Envs\test\Lib\site-packages\django\db\migrations\operations\special.py first seen with mtime 1737364401.3062558
File C:\Users\DELL\Envs\test\Lib\site-packages\django\utils\tree.py first seen with mtime 1737364401.5648527
File C:\Users\DELL\Envs\test\Lib\site-packages\django\contrib\messages\storage\__init__.py first seen with mtime 1737364399.3689857
File C:\Users\DELL\Envs\test\Lib\site-packages\django\template\exceptions.py first seen with mtime 1737364401.488922
File C:\Users\DELL\Envs\test\Lib\site-packages\django\urls\exceptions.py first seen with mtime 1737364401.5258882
File C:\Users\DELL\Envs\test\Lib\site-packages\django\template\backends\__init__.py first seen with mtime 1737364401.4949162
File C:\Users\DELL\Envs\test\Lib\site-packages\django\db\backends\base\base.py first seen with mtime 1737364401.1513994
File C:\Users\DELL\AppData\Local\Programs\Python\Python311\Lib\http\cookies.py first seen with mtime 1692869350.0
File C:\Users\DELL\AppData\Local\Programs\Python\Python311\Lib\asyncio\windows_events.py first seen with mtime 1692869350.0
File C:\Users\DELL\AppData\Local\Programs\Python\Python311\Lib\wsgiref\util.py first seen with mtime 1692869352.0
File C:\Users\DELL\AppData\Local\Programs\Python\Python311\Lib\types.py first seen with mtime 1692869352.0
File C:\Users\DELL\Envs\test\Lib\site-packages\django\contrib\staticfiles\__init__.py first seen with mtime 1737364400.9527977
File C:\Users\DELL\Envs\test\Lib\site-packages\django\utils\duration.py first seen with mtime 1737364401.5438716
File C:\Users\DELL\Envs\test\Lib\site-packages\django\core\files\storage\filesystem.py first seen with mtime 1737364401.058486
File C:\Users\DELL\AppData\Local\Programs\Python\Python311\Lib\asyncio\transports.py first seen with mtime 1692869350.0
File C:\Users\DELL\AppData\Local\Programs\Python\Python311\Lib\asyncio\tasks.py first seen with mtime 1692869350.0
File C:\Users\DELL\AppData\Local\Programs\Python\Python311\Lib\functools.py first seen with mtime 1692869350.0
File C:\Users\DELL\AppData\Local\Programs\Python\Python311\Lib\asyncio\threads.py first seen with mtime 1692869350.0
File C:\Users\DELL\Envs\test\Lib\site-packages\django\utils\encoding.py first seen with mtime 1737364401.5438716
File C:\Users\DELL\Envs\test\Lib\site-packages\django\template\engine.py first seen with mtime 1737364401.488922
File C:\Users\DELL\AppData\Local\Programs\Python\Python311\Lib\asyncio\timeouts.py first seen with mtime 1692869350.0
File C:\Users\DELL\Envs\test\Lib\site-packages\django\core\checks\templates.py first seen with mtime 1737364401.033509
File C:\Users\DELL\Envs\test\Lib\site-packages\django\views\generic\list.py first seen with mtime 1737364401.5936112
File C:\Users\DELL\Envs\test\Lib\site-packages\django\template\utils.py first seen with mtime 1737364401.4939175
File C:\Users\DELL\Envs\test\Lib\site-packages\django\utils\choices.py first seen with mtime 1737364401.5358791
File C:\Users\DELL\Envs\test\Lib\site-packages\django\middleware\cache.py first seen with mtime 1737364401.4729373
File C:\Users\DELL\Envs\test\Lib\site-packages\js_asset\js.py first seen with mtime 1738057667.437793
File C:\Users\DELL\Envs\test\Lib\site-packages\django\urls\utils.py first seen with mtime 1737364401.526887
File C:\Users\DELL\Envs\test\Lib\site-packages\django\http\__init__.py first seen with mtime 1737364401.4619477
File C:\Users\DELL\Envs\test\Lib\site-packages\django\db\models\functions\datetime.py first seen with mtime 1737364401.3425586
File C:\Users\DELL\AppData\Local\Programs\Python\Python311\Lib\logging\__init__.py first seen with mtime 1692869352.0
File C:\Users\DELL\AppData\Local\Programs\Python\Python311\Lib\reprlib.py first seen with mtime 1692869352.0
File C:\Users\DELL\Envs\test\Lib\site-packages\django\core\files\storage\__init__.py first seen with mtime 1737364401.056488
File C:\Users\DELL\Envs\test\Lib\site-packages\django\core\checks\registry.py first seen with mtime 1737364401.0325103
File C:\Users\DELL\AppData\Local\Programs\Python\Python311\Lib\linecache.py first seen with mtime 1692869352.0
File C:\Users\DELL\Envs\test\Lib\site-packages\PIL\_version.py first seen with mtime 1737623534.7487085
File C:\Users\DELL\Envs\test\Lib\site-packages\django\db\migrations\exceptions.py first seen with mtime 1737364401.264295
File C:\Users\DELL\Envs\test\Lib\site-packages\django\contrib\staticfiles\views.py first seen with mtime 1737364400.9647875
File C:\Users\DELL\Envs\test\Lib\site-packages\django\utils\autoreload.py first seen with mtime 1737364401.5328834
File C:\Users\DELL\Envs\test\Lib\site-packages\ckeditor\fields.py first seen with mtime 1738057667.513965
File C:\Users\DELL\Envs\test\Lib\site-packages\ckeditor_uploader\backends\dummy_backend.py first seen with mtime 1738057669.0307665
File C:\Users\DELL\AppData\Local\Programs\Python\Python311\Lib\email\encoders.py first seen with mtime 1692869350.0
File C:\Users\DELL\Envs\test\Lib\site-packages\django\utils\module_loading.py first seen with mtime 1737364401.5568588
File C:\Users\DELL\AppData\Local\Programs\Python\Python311\Lib\asyncio\log.py first seen with mtime 1692869350.0
File C:\Users\DELL\projects\telusko\telusko\__init__.py first seen with mtime 1737364903.9582171
File C:\Users\DELL\Envs\test\Lib\site-packages\django\db\backends\base\introspection.py first seen with mtime 1737364401.1563945
File C:\Users\DELL\Envs\test\Lib\site-packages\django\core\handlers\exception.py first seen with mtime 1737364401.070474
File C:\Users\DELL\Envs\test\Lib\site-packages\django\template\defaulttags.py first seen with mtime 1737364401.4879234
File C:\Users\DELL\AppData\Local\Programs\Python\Python311\Lib\concurrent\futures\__init__.py first seen with mtime 1692869350.0
File C:\Users\DELL\AppData\Local\Programs\Python\Python311\Lib\concurrent\futures\_base.py first seen with mtime 1692869350.0
File C:\Users\DELL\AppData\Local\Programs\Python\Python311\Lib\email\mime\__init__.py first seen with mtime 1692869350.0
File C:\Users\DELL\Envs\test\Lib\site-packages\django\middleware\__init__.py first seen with mtime 1737364401.4719396
File C:\Users\DELL\Envs\test\Lib\site-packages\django\views\__init__.py first seen with mtime 1737364401.5729547
File C:\Users\DELL\AppData\Local\Programs\Python\Python311\Lib\urllib\error.py first seen with mtime 1692869352.0
File C:\Users\DELL\Envs\test\Lib\site-packages\django\core\management\__init__.py first seen with mtime 1737364401.0864596
File C:\Users\DELL\Envs\test\Lib\site-packages\django\views\defaults.py first seen with mtime 1737364401.5759523
File C:\Users\DELL\AppData\Local\Programs\Python\Python311\Lib\email\quoprimime.py first seen with mtime 1692869350.0
File C:\Users\DELL\AppData\Local\Programs\Python\Python311\Lib\email\mime\multipart.py first seen with mtime 1692869350.0
File C:\Users\DELL\Envs\test\Lib\site-packages\django\core\files\utils.py first seen with mtime 1737364401.055489
File C:\Users\DELL\Envs\test\Lib\site-packages\sqlparse\engine\grouping.py first seen with mtime 1737364394.4537778
File C:\Users\DELL\AppData\Local\Programs\Python\Python311\Lib\asyncio\subprocess.py first seen with mtime 1692869350.0
File C:\Users\DELL\AppData\Local\Programs\Python\Python311\Lib\random.py first seen with mtime 1692869352.0
File C:\Users\DELL\Envs\test\Lib\site-packages\django\db\backends\signals.py first seen with mtime 1737364401.1484025
File C:\Users\DELL\Envs\test\Lib\site-packages\ckeditor_uploader\forms.py first seen with mtime 1738057669.0156424
File C:\Users\DELL\Envs\test\Lib\site-packages\PIL\Image.py first seen with mtime 1737623534.4320033
File C:\Users\DELL\AppData\Local\Programs\Python\Python311\Lib\asyncio\locks.py first seen with mtime 1692869350.0
File C:\Users\DELL\Envs\test\Lib\site-packages\django\template\backends\base.py first seen with mtime 1737364401.495916
File C:\Users\DELL\Envs\test\Lib\site-packages\django\db\migrations\utils.py first seen with mtime 1737364401.2762833
File C:\Users\DELL\AppData\Local\Programs\Python\Python311\DLLs\_bz2.pyd first seen with mtime 1692869400.0
File C:\Users\DELL\AppData\Local\Programs\Python\Python311\Lib\html\parser.py first seen with mtime 1692869350.0
File C:\Users\DELL\AppData\Local\Programs\Python\Python311\Lib\asyncio\mixins.py first seen with mtime 1692869350.0
File C:\Users\DELL\Envs\test\Lib\site-packages\django\db\models\fields\reverse_related.py first seen with mtime 1737364401.3395615
File C:\Users\DELL\AppData\Local\Programs\Python\Python311\Lib\email\_header_value_parser.py first seen with mtime 1692869350.0
File C:\Users\DELL\Envs\test\Lib\site-packages\django\db\models\options.py first seen with mtime 1737364401.321241
File C:\Users\DELL\Envs\test\Lib\site-packages\asgiref\local.py first seen with mtime 1737364394.992277
File C:\Users\DELL\AppData\Local\Programs\Python\Python311\Lib\encodings\utf_8.py first seen with mtime 1692869350.0
File C:\Users\DELL\AppData\Local\Programs\Python\Python311\Lib\traceback.py first seen with mtime 1692869352.0
File C:\Users\DELL\Envs\test\Lib\site-packages\django\db\migrations\operations\__init__.py first seen with mtime 1737364401.281279
File C:\Users\DELL\Envs\test\Lib\site-packages\django\middleware\csrf.py first seen with mtime 1737364401.4749353
File C:\Users\DELL\AppData\Local\Programs\Python\Python311\Lib\subprocess.py first seen with mtime 1692869352.0
File C:\Users\DELL\Envs\test\Lib\site-packages\ckeditor_uploader\utils.py first seen with mtime 1738057669.0176415
File C:\Users\DELL\AppData\Local\Programs\Python\Python311\Lib\email\iterators.py first seen with mtime 1692869350.0
File C:\Users\DELL\AppData\Local\Programs\Python\Python311\Lib\calendar.py first seen with mtime 1692869350.0
File C:\Users\DELL\Envs\test\Lib\site-packages\django\template\base.py first seen with mtime 1737364401.4839277
File C:\Users\DELL\Envs\test\Lib\site-packages\django\contrib\admin\sites.py first seen with mtime 1737364395.7533884
File C:\Users\DELL\Envs\test\Lib\site-packages\django\db\migrations\operations\models.py first seen with mtime 1737364401.305255
File C:\Users\DELL\Envs\test\Lib\site-packages\django\urls\base.py first seen with mtime 1737364401.522891
File C:\Users\DELL\Envs\test\Lib\site-packages\django\core\serializers\python.py first seen with mtime 1737364401.135414
File C:\Users\DELL\AppData\Local\Programs\Python\Python311\Lib\encodings\__init__.py first seen with mtime 1692869350.0
File C:\Users\DELL\Envs\test\Lib\site-packages\django\contrib\contenttypes\models.py first seen with mtime 1737364397.094065
File C:\Users\DELL\AppData\Local\Programs\Python\Python311\Lib\encodings\cp1252.py first seen with mtime 1692869350.0
File C:\Users\DELL\AppData\Local\Programs\Python\Python311\Lib\base64.py first seen with mtime 1692869350.0
File C:\Users\DELL\AppData\Local\Programs\Python\Python311\Lib\logging\config.py first seen with mtime 1692869352.0
File C:\Users\DELL\Envs\test\Lib\site-packages\django\core\files\images.py first seen with mtime 1737364401.0474963
File C:\Users\DELL\Envs\test\Lib\site-packages\django\core\validators.py first seen with mtime 1737364400.9847686
File C:\Users\DELL\Envs\test\Lib\site-packages\django\core\handlers\base.py first seen with mtime 1737364401.0684764
File C:\Users\DELL\AppData\Local\Programs\Python\Python311\Lib\collections\__init__.py first seen with mtime 1692869350.0
File C:\Users\DELL\Envs\test\Lib\site-packages\django\core\files\storage\memory.py first seen with mtime 1737364401.0634835
File C:\Users\DELL\AppData\Local\Programs\Python\Python311\Lib\re\_constants.py first seen with mtime 1692869352.0
File C:\Users\DELL\AppData\Local\Programs\Python\Python311\Lib\wsgiref\simple_server.py first seen with mtime 1692869352.0
File C:\Users\DELL\AppData\Local\Programs\Python\Python311\Lib\signal.py first seen with mtime 1692869352.0
File C:\Users\DELL\AppData\Local\Programs\Python\Python311\Lib\dis.py first seen with mtime 1692869350.0
File C:\Users\DELL\Envs\test\Lib\site-packages\django\core\cache\backends\filebased.py first seen with mtime 1737364400.9977572
File C:\Users\DELL\AppData\Local\Programs\Python\Python311\Lib\_markupbase.py first seen with mtime 1692869350.0
File C:\Users\DELL\Envs\test\Lib\site-packages\django\contrib\admin\decorators.py first seen with mtime 1737364395.7423995
File C:\Users\DELL\Envs\test\Lib\site-packages\django\contrib\contenttypes\fields.py first seen with mtime 1737364397.0910676
File C:\Users\DELL\Envs\test\Lib\site-packages\ckeditor_uploader\views.py first seen with mtime 1738057669.0257654
File C:\Users\DELL\AppData\Local\Programs\Python\Python311\Lib\email\policy.py first seen with mtime 1692869350.0
File C:\Users\DELL\Envs\test\Lib\site-packages\django\contrib\admin\templatetags\base.py first seen with mtime 1737364396.475633
File C:\Users\DELL\AppData\Local\Programs\Python\Python311\Lib\weakref.py first seen with mtime 1692869352.0
File C:\Users\DELL\Envs\test\Lib\site-packages\django\contrib\staticfiles\handlers.py first seen with mtime 1737364400.9577944
File C:\Users\DELL\AppData\Local\Programs\Python\Python311\Lib\email\feedparser.py first seen with mtime 1692869350.0
File C:\Users\DELL\AppData\Local\Programs\Python\Python311\Lib\asyncio\base_futures.py first seen with mtime 1692869350.0
File C:\Users\DELL\Envs\test\Lib\site-packages\django\core\checks\messages.py first seen with mtime 1737364401.0295143
File C:\Users\DELL\AppData\Local\Programs\Python\Python311\Lib\email\mime\base.py first seen with mtime 1692869350.0
File C:\Users\DELL\Envs\test\Lib\site-packages\django\core\files\base.py first seen with mtime 1737364401.0445
File C:\Users\DELL\Envs\test\Lib\site-packages\django\core\checks\translation.py first seen with mtime 1737364401.0345092
File C:\Users\DELL\Envs\test\Lib\site-packages\django\db\backends\postgresql\psycopg_any.py first seen with mtime 1737364401.2243316
File C:\Users\DELL\Envs\test\Lib\site-packages\django\db\models\signals.py first seen with mtime 1737364401.3232398
File C:\Users\DELL\Envs\test\Lib\site-packages\django\views\static.py first seen with mtime 1737364401.576951
File C:\Users\DELL\AppData\Local\Programs\Python\Python311\Lib\email\errors.py first seen with mtime 1692869350.0
File C:\Users\DELL\Envs\test\Lib\site-packages\django\db\models\fields\related.py first seen with mtime 1737364401.3365705
File C:\Users\DELL\Envs\test\Lib\site-packages\ckeditor_uploader\widgets.py first seen with mtime 1738057669.027768
File C:\Users\DELL\Envs\test\Lib\site-packages\django\utils\dateformat.py first seen with mtime 1737364401.538877
File C:\Users\DELL\Envs\test\Lib\site-packages\sqlparse\formatter.py first seen with mtime 1737364394.442787
File C:\Users\DELL\Envs\test\Lib\site-packages\django\db\models\functions\window.py first seen with mtime 1737364401.3485548
File C:\Users\DELL\Envs\test\Lib\site-packages\django\contrib\messages\api.py first seen with mtime 1737364399.359993
File C:\Users\DELL\AppData\Local\Programs\Python\Python311\Lib\bz2.py first seen with mtime 1692869350.0
File C:\Users\DELL\Envs\test\Lib\site-packages\sqlparse\utils.py first seen with mtime 1737364394.448782
File C:\Users\DELL\Envs\test\Lib\site-packages\django\utils\hashable.py first seen with mtime 1737364401.5488672
File C:\Users\DELL\AppData\Local\Programs\Python\Python311\DLLs\_uuid.pyd first seen with mtime 1692869398.0
File C:\Users\DELL\Envs\test\Lib\site-packages\django\urls\resolvers.py first seen with mtime 1737364401.5258882
File C:\Users\DELL\AppData\Local\Programs\Python\Python311\Lib\asyncio\streams.py first seen with mtime 1692869350.0
File C:\Users\DELL\AppData\Local\Programs\Python\Python311\Lib\logging\handlers.py first seen with mtime 1692869352.0
File C:\Users\DELL\Envs\test\Lib\site-packages\django\db\migrations\state.py first seen with mtime 1737364401.2752845
File C:\Users\DELL\Envs\test\Lib\site-packages\asgiref\__init__.py first seen with mtime 1737364394.9892778
File C:\Users\DELL\Envs\test\Lib\site-packages\django\contrib\admin\exceptions.py first seen with mtime 1737364395.744396
File C:\Users\DELL\Envs\test\Lib\site-packages\django\db\backends\base\__init__.py first seen with mtime 1737364401.1504
File C:\Users\DELL\Envs\test\Lib\site-packages\django\db\models\enums.py first seen with mtime 1737364401.3132524
File C:\Users\DELL\Envs\test\Lib\site-packages\django\db\models\sql\__init__.py first seen with mtime 1737364401.3495562
File C:\Users\DELL\projects\telusko\travello\views.py first seen with mtime 1738577276.3508594
File C:\Users\DELL\Envs\test\Lib\site-packages\django\utils\dateparse.py first seen with mtime 1737364401.5398757
File C:\Users\DELL\Envs\test\Lib\site-packages\psycopg2\_json.py first seen with mtime 1737622917.0125966
File C:\Users\DELL\AppData\Local\Programs\Python\Python311\Lib\http\server.py first seen with mtime 1692869350.0
File C:\Users\DELL\Envs\test\Lib\site-packages\django\contrib\admin\views\decorators.py first seen with mtime 1737364396.4786305
File C:\Users\DELL\Envs\test\Lib\site-packages\django\contrib\messages\__init__.py first seen with mtime 1737364399.3579943
File C:\Users\DELL\Envs\test\Lib\site-packages\django\contrib\sessions\exceptions.py first seen with mtime 1737364400.198171
File C:\Users\DELL\Envs\test\Lib\site-packages\_distutils_hack\__init__.py first seen with mtime 1737364174.475964
File C:\Users\DELL\projects\telusko\travello\apps.py first seen with mtime 1737452597.9072034
File C:\Users\DELL\AppData\Local\Programs\Python\Python311\Lib\_compression.py first seen with mtime 1692869350.0
File C:\Users\DELL\AppData\Local\Programs\Python\Python311\Lib\json\__init__.py first seen with mtime 1692869352.0
File C:\Users\DELL\AppData\Local\Programs\Python\Python311\Lib\zoneinfo\_common.py first seen with mtime 1692869352.0
File C:\Users\DELL\Envs\test\Lib\site-packages\django\contrib\auth\decorators.py first seen with mtime 1737364396.7413933
File C:\Users\DELL\Envs\test\Lib\site-packages\django\template\response.py first seen with mtime 1737364401.4929183
File C:\Users\DELL\Envs\test\Lib\site-packages\django\views\generic\edit.py first seen with mtime 1737364401.5936112
File C:\Users\DELL\Envs\test\Lib\site-packages\django\template\loader.py first seen with mtime 1737364401.4909198
File C:\Users\DELL\AppData\Local\Programs\Python\Python311\Lib\ast.py first seen with mtime 1692869350.0
File C:\Users\DELL\Envs\test\Lib\site-packages\django\conf\urls\__init__.py first seen with mtime 1737364395.7324097
File C:\Users\DELL\Envs\test\Lib\site-packages\django\contrib\__init__.py first seen with mtime 1737364395.7354047
File C:\Users\DELL\Envs\test\Lib\site-packages\django\contrib\admin\utils.py first seen with mtime 1737364395.7563853
File C:\Users\DELL\Envs\test\Lib\site-packages\django\contrib\auth\backends.py first seen with mtime 1737364396.7353983
File C:\Users\DELL\AppData\Local\Programs\Python\Python311\Lib\socket.py first seen with mtime 1692869352.0
File C:\Users\DELL\projects\telusko\accounts\views.py first seen with mtime 1738573905.4581764
File C:\Users\DELL\AppData\Local\Programs\Python\Python311\Lib\mimetypes.py first seen with mtime 1692869352.0
File C:\Users\DELL\Envs\test\Lib\site-packages\psycopg2\extras.py first seen with mtime 1737622917.0402293
File C:\Users\DELL\AppData\Local\Programs\Python\Python311\Lib\asyncio\coroutines.py first seen with mtime 1692869350.0
File C:\Users\DELL\projects\telusko\telusko\urls.py first seen with mtime 1738126531.876073
File C:\Users\DELL\Envs\test\Lib\site-packages\django\template\loaders\base.py first seen with mtime 1737364401.5029104
File C:\Users\DELL\Envs\test\Lib\site-packages\django\contrib\admin\filters.py first seen with mtime 1737364395.7453961
File C:\Users\DELL\Envs\test\Lib\site-packages\django\core\exceptions.py first seen with mtime 1737364400.9767756
File C:\Users\DELL\AppData\Local\Programs\Python\Python311\Lib\shutil.py first seen with mtime 1692869352.0
File C:\Users\DELL\Envs\test\Lib\site-packages\django\contrib\staticfiles\management\commands\runserver.py first seen with mtime 1737364400.9697819
File C:\Users\DELL\AppData\Local\Programs\Python\Python311\Lib\urllib\response.py first seen with mtime 1692869352.0
File C:\Users\DELL\AppData\Local\Programs\Python\Python311\Lib\__future__.py first seen with mtime 1692869350.0
File C:\Users\DELL\AppData\Local\Programs\Python\Python311\Lib\argparse.py first seen with mtime 1692869350.0
File C:\Users\DELL\Envs\test\Lib\site-packages\django\core\checks\security\base.py first seen with mtime 1737364401.0395043
File C:\Users\DELL\Envs\test\Lib\site-packages\django\utils\connection.py first seen with mtime 1737364401.536878
File C:\Users\DELL\Envs\test\Lib\site-packages\asgiref\current_thread_executor.py first seen with mtime 1737364394.9912765
File C:\Users\DELL\Envs\test\Lib\site-packages\ckeditor\configs.py first seen with mtime 1738057667.511967
File C:\Users\DELL\AppData\Local\Programs\Python\Python311\Lib\gzip.py first seen with mtime 1692869350.0
File C:\Users\DELL\AppData\Local\Programs\Python\Python311\Lib\email\_encoded_words.py first seen with mtime 1692869350.0
File C:\Users\DELL\Envs\test\Lib\site-packages\django\core\serializers\base.py first seen with mtime 1737364401.1324193
File C:\Users\DELL\Envs\test\Lib\site-packages\django\core\checks\caches.py first seen with mtime 1737364401.0047512
File C:\Users\DELL\AppData\Local\Programs\Python\Python311\Lib\asyncio\runners.py first seen with mtime 1692869350.0
File C:\Users\DELL\AppData\Local\Programs\Python\Python311\Lib\email\mime\message.py first seen with mtime 1692869350.0
File C:\Users\DELL\AppData\Local\Programs\Python\Python311\Lib\email\generator.py first seen with mtime 1692869350.0
File C:\Users\DELL\Envs\test\Lib\site-packages\django\dispatch\dispatcher.py first seen with mtime 1737364401.358045
File C:\Users\DELL\AppData\Local\Programs\Python\Python311\Lib\contextvars.py first seen with mtime 1692869350.0
File C:\Users\DELL\AppData\Local\Programs\Python\Python311\Lib\inspect.py first seen with mtime 1692869352.0
File C:\Users\DELL\Envs\test\Lib\site-packages\django\contrib\auth\management\__init__.py first seen with mtime 1737364397.0640926
File C:\Users\DELL\Envs\test\Lib\site-packages\django\core\mail\message.py first seen with mtime 1737364401.0734718
File C:\Users\DELL\Envs\test\Lib\site-packages\django\contrib\admin\apps.py first seen with mtime 1737364395.739402
File C:\Users\DELL\Envs\test\Lib\site-packages\django\utils\dates.py first seen with mtime 1737364401.5408745
File C:\Users\DELL\Envs\test\Lib\site-packages\django\utils\lorem_ipsum.py first seen with mtime 1737364401.5558593
File C:\Users\DELL\AppData\Local\Programs\Python\Python311\Lib\json\encoder.py first seen with mtime 1692869352.0
File C:\Users\DELL\AppData\Local\Programs\Python\Python311\Lib\email\utils.py first seen with mtime 1692869350.0
File C:\Users\DELL\AppData\Local\Programs\Python\Python311\Lib\asyncio\trsock.py first seen with mtime 1692869350.0
File C:\Users\DELL\Envs\test\Lib\site-packages\django\templatetags\tz.py first seen with mtime 1737364401.5099025
File C:\Users\DELL\Envs\test\Lib\site-packages\django\contrib\auth\forms.py first seen with mtime 1737364396.7433908
File C:\Users\DELL\Envs\test\Lib\site-packages\django\contrib\admin\widgets.py first seen with mtime 1737364395.7573864
File C:\Users\DELL\Envs\test\Lib\site-packages\django\db\backends\postgresql\base.py first seen with mtime 1737364401.2173374
File C:\Users\DELL\Envs\test\Lib\site-packages\django\conf\global_settings.py first seen with mtime 1737364395.2740128
File C:\Users\DELL\Envs\test\Lib\site-packages\django\contrib\sessions\apps.py first seen with mtime 1737364400.1961732
File C:\Users\DELL\Envs\test\Lib\site-packages\django\templatetags\l10n.py first seen with mtime 1737364401.5089035
File C:\Users\DELL\Envs\test\Lib\site-packages\django\db\models\functions\math.py first seen with mtime 1737364401.343559
File C:\Users\DELL\Envs\test\Lib\site-packages\django\contrib\auth\password_validation.py first seen with mtime 1737364396.7493868
File C:\Users\DELL\AppData\Local\Programs\Python\Python311\Lib\json\decoder.py first seen with mtime 1692869352.0
File C:\Users\DELL\AppData\Local\Programs\Python\Python311\Lib\encodings\aliases.py first seen with mtime 1692869350.0
File C:\Users\DELL\AppData\Local\Programs\Python\Python311\Lib\urllib\request.py first seen with mtime 1692869352.0
File C:\Users\DELL\Envs\test\Lib\site-packages\django\contrib\admin\actions.py first seen with mtime 1737364395.7384021
File C:\Users\DELL\AppData\Local\Programs\Python\Python311\Lib\concurrent\futures\thread.py first seen with mtime 1692869350.0
File C:\Users\DELL\Envs\test\Lib\site-packages\django\template\__init__.py first seen with mtime 1737364401.480931
File C:\Users\DELL\AppData\Local\Programs\Python\Python311\Lib\asyncio\constants.py first seen with mtime 1692869350.0
File C:\Users\DELL\Envs\test\Lib\site-packages\django\urls\__init__.py first seen with mtime 1737364401.522891
File C:\Users\DELL\Envs\test\Lib\site-packages\django\shortcuts.py first seen with mtime 1737364395.2680187
File C:\Users\DELL\AppData\Local\Programs\Python\Python311\Lib\zoneinfo\__init__.py first seen with mtime 1692869352.0
File C:\Users\DELL\Envs\test\Lib\site-packages\django\core\handlers\__init__.py first seen with mtime 1737364401.0664787
File C:\Users\DELL\Envs\test\Lib\site-packages\django\core\management\commands\runserver.py first seen with mtime 1737364401.1144347
File C:\Users\DELL\Envs\test\Lib\site-packages\django\conf\urls\static.py first seen with mtime 1737364395.7344067
File C:\Users\DELL\Envs\test\Lib\site-packages\django\db\models\fields\related_descriptors.py first seen with mtime 1737364401.3385627
File C:\Users\DELL\Envs\test\Lib\site-packages\django\contrib\admin\views\autocomplete.py first seen with mtime 1737364396.4776313
File C:\Users\DELL\Envs\test\Lib\site-packages\django\views\decorators\debug.py first seen with mtime 1737364401.5839446
File C:\Users\DELL\Envs\test\Lib\site-packages\django\core\cache\utils.py first seen with mtime 1737364400.9887655
File C:\Users\DELL\Envs\test\Lib\site-packages\django\core\handlers\wsgi.py first seen with mtime 1737364401.071473
File C:\Users\DELL\Envs\test\Lib\site-packages\django\core\signing.py first seen with mtime 1737364400.9837756
File C:\Users\DELL\Envs\test\Lib\site-packages\django\contrib\auth\base_user.py first seen with mtime 1737364396.7363982
File C:\Users\DELL\AppData\Local\Programs\Python\Python311\Lib\json\scanner.py first seen with mtime 1692869352.0
File C:\Users\DELL\AppData\Local\Programs\Python\Python311\Lib\_compat_pickle.py first seen with mtime 1692869350.0
File C:\Users\DELL\Envs\test\Lib\site-packages\django\http\multipartparser.py first seen with mtime 1737364401.467944
File C:\Users\DELL\Envs\test\Lib\site-packages\django\utils\html.py first seen with mtime 1737364401.5498905
File C:\Users\DELL\AppData\Local\Programs\Python\Python311\Lib\urllib\__init__.py first seen with mtime 1692869352.0
File C:\Users\DELL\Envs\test\Lib\site-packages\PIL\_imaging.cp311-win_amd64.pyd first seen with mtime 1737623534.67178
File C:\Users\DELL\Envs\test\Lib\site-packages\sqlparse\engine\statement_splitter.py first seen with mtime 1737364394.4547772
File C:\Users\DELL\Envs\test\Lib\site-packages\django\contrib\admin\templatetags\__init__.py first seen with mtime 1737364396.4709532
File C:\Users\DELL\Envs\test\Lib\site-packages\django\forms\__init__.py first seen with mtime 1737364401.3600438
File C:\Users\DELL\Envs\test\Lib\site-packages\PIL\ImageMode.py first seen with mtime 1737623534.4739635
File C:\Users\DELL\Envs\test\Lib\site-packages\django\db\models\functions\__init__.py first seen with mtime 1737364401.3405602
File C:\Users\DELL\Envs\test\Lib\site-packages\django\template\backends\django.py first seen with mtime 1737364401.498913
File C:\Users\DELL\AppData\Local\Programs\Python\Python311\Lib\asyncio\exceptions.py first seen with mtime 1692869350.0
File C:\Users\DELL\Envs\test\Lib\site-packages\django\contrib\sessions\base_session.py first seen with mtime 1737364400.1971717
File C:\Users\DELL\Envs\test\Lib\site-packages\django\contrib\auth\apps.py first seen with mtime 1737364396.7344007
File C:\Users\DELL\Envs\test\Lib\site-packages\django\db\models\aggregates.py first seen with mtime 1737364401.307257
File C:\Users\DELL\Envs\test\Lib\site-packages\django\forms\models.py first seen with mtime 1737364401.366037
File C:\Users\DELL\AppData\Local\Programs\Python\Python311\Lib\email\mime\text.py first seen with mtime 1692869350.0
File C:\Users\DELL\Envs\test\Lib\site-packages\PIL\__init__.py first seen with mtime 1737623534.6088374
File C:\Users\DELL\Envs\test\Lib\site-packages\django\core\files\__init__.py first seen with mtime 1737364401.0435
File C:\Users\DELL\Envs\test\Lib\site-packages\django\db\backends\postgresql\introspection.py first seen with mtime 1737364401.2223327
File C:\Users\DELL\Envs\test\Lib\site-packages\django\template\library.py first seen with mtime 1737364401.489921
File C:\Users\DELL\Envs\test\Lib\site-packages\django\core\handlers\asgi.py first seen with mtime 1737364401.06748
File C:\Users\DELL\Envs\test\Lib\site-packages\django\utils\ipv6.py first seen with mtime 1737364401.5528622
File C:\Users\DELL\Envs\test\Lib\site-packages\django\core\mail\__init__.py first seen with mtime 1737364401.0724728
File C:\Users\DELL\AppData\Local\Programs\Python\Python311\Lib\token.py first seen with mtime 1692869352.0
File C:\Users\DELL\projects\telusko\manage.py first seen with mtime 1737364903.9020057
File C:\Users\DELL\Envs\test\Lib\site-packages\django\middleware\security.py first seen with mtime 1737364401.4789312
File C:\Users\DELL\Envs\test\Lib\site-packages\django\views\generic\base.py first seen with mtime 1737364401.5899382
File C:\Users\DELL\Envs\test\Lib\site-packages\django\db\migrations\__init__.py first seen with mtime 1737364401.260298
File C:\Users\DELL\Envs\test\Lib\site-packages\django\db\models\sql\datastructures.py first seen with mtime 1737364401.3530488
File C:\Users\DELL\Envs\test\Lib\site-packages\django\contrib\sessions\backends\base.py first seen with mtime 1737364400.2031658
File C:\Users\DELL\Envs\test\Lib\site-packages\django\forms\boundfield.py first seen with mtime 1737364401.3600438
File C:\Users\DELL\Envs\test\Lib\site-packages\django\contrib\sites\shortcuts.py first seen with mtime 1737364400.5864718
File C:\Users\DELL\AppData\Local\Programs\Python\Python311\Lib\datetime.py first seen with mtime 1692869350.0
File C:\Users\DELL\Envs\test\Lib\site-packages\ckeditor_uploader\__init__.py first seen with mtime 1738057669.012646
File C:\Users\DELL\Envs\test\Lib\site-packages\psycopg2\sql.py first seen with mtime 1737622917.0422273
File C:\Users\DELL\AppData\Local\Programs\Python\Python311\Lib\uuid.py first seen with mtime 1692869352.0
File C:\Users\DELL\AppData\Local\Programs\Python\Python311\Lib\email\header.py first seen with mtime 1692869350.0
File C:\Users\DELL\Envs\test\Lib\site-packages\django\contrib\admin\templatetags\admin_list.py first seen with mtime 1737364396.472366
File C:\Users\DELL\AppData\Local\Programs\Python\Python311\Lib\email\headerregistry.py first seen with mtime 1692869350.0
File C:\Users\DELL\AppData\Local\Programs\Python\Python311\Lib\email\charset.py first seen with mtime 1692869350.0
File C:\Users\DELL\Envs\test\Lib\site-packages\django\db\models\constraints.py first seen with mtime 1737364401.3102517
File C:\Users\DELL\AppData\Local\Programs\Python\Python311\Lib\asyncio\queues.py first seen with mtime 1692869350.0
File C:\Users\DELL\Envs\test\Lib\site-packages\django\template\loaders\filesystem.py first seen with mtime 1737364401.5049086
File C:\Users\DELL\Envs\test\Lib\site-packages\django\contrib\admin\checks.py first seen with mtime 1737364395.7413998
File C:\Users\DELL\Envs\test\Lib\site-packages\django\core\files\storage\mixins.py first seen with mtime 1737364401.0654826
File C:\Users\DELL\AppData\Local\Programs\Python\Python311\Lib\dataclasses.py first seen with mtime 1692869350.0
File C:\Users\DELL\AppData\Local\Programs\Python\Python311\Lib\email\_parseaddr.py first seen with mtime 1692869350.0
File C:\Users\DELL\projects\telusko\travello\middleware.py first seen with mtime 1738574335.2613537
File C:\Users\DELL\Envs\test\Lib\site-packages\django\core\checks\__init__.py first seen with mtime 1737364401.0027518
File C:\Users\DELL\AppData\Local\Programs\Python\Python311\Lib\fnmatch.py first seen with mtime 1692869350.0
File C:\Users\DELL\Envs\test\Lib\site-packages\django\db\backends\base\validation.py first seen with mtime 1737364401.1593924
File C:\Users\DELL\Envs\test\Lib\site-packages\django\contrib\admin\templatetags\admin_urls.py first seen with mtime 1737364396.4746282
File C:\Users\DELL\Envs\test\Lib\site-packages\ckeditor\apps.py first seen with mtime 1738057667.5109684
File C:\Users\DELL\Envs\test\Lib\site-packages\django\dispatch\__init__.py first seen with mtime 1737364401.3570454
File C:\Users\DELL\AppData\Local\Programs\Python\Python311\Lib\ctypes\wintypes.py first seen with mtime 1692869350.0
File C:\Users\DELL\Envs\test\Lib\site-packages\django\db\models\manager.py first seen with mtime 1737364401.3192437
File C:\Users\DELL\AppData\Local\Programs\Python\Python311\Lib\heapq.py first seen with mtime 1692869350.0
File C:\Users\DELL\Envs\test\Lib\site-packages\django\contrib\auth\validators.py first seen with mtime 1737364396.7533824
File C:\Users\DELL\Envs\test\Lib\site-packages\sqlparse\exceptions.py first seen with mtime 1737364394.4417884
File C:\Users\DELL\Envs\test\Lib\site-packages\django\db\migrations\operations\fields.py first seen with mtime 1737364401.2832768
File C:\Users\DELL\projects\telusko\travello\__init__.py first seen with mtime 1737452597.939345
File C:\Users\DELL\Envs\test\Lib\site-packages\django\contrib\auth\hashers.py first seen with mtime 1737364396.74439
File C:\Users\DELL\Envs\test\Lib\site-packages\ckeditor\widgets.py first seen with mtime 1738057667.5149636
File C:\Users\DELL\Envs\test\Lib\site-packages\django\templatetags\cache.py first seen with mtime 1737364401.5069065
File C:\Users\DELL\Envs\test\Lib\site-packages\django\db\models\query.py first seen with mtime 1737364401.3222399
File C:\Users\DELL\Envs\test\Lib\site-packages\django\utils\asyncio.py first seen with mtime 1737364401.531882
File C:\Users\DELL\Envs\test\Lib\site-packages\django\views\decorators\cache.py first seen with mtime 1737364401.5789487
File C:\Users\DELL\Envs\test\Lib\site-packages\psycopg2\_ipaddress.py first seen with mtime 1737622917.011597
File C:\Users\DELL\AppData\Local\Programs\Python\Python311\DLLs\_socket.pyd first seen with mtime 1692869400.0
File C:\Users\DELL\Envs\test\Lib\site-packages\django\template\loaders\__init__.py first seen with mtime 1737364401.5019116
File C:\Users\DELL\projects\telusko\travello\models.py first seen with mtime 1738574320.254769
File C:\Users\DELL\AppData\Local\Programs\Python\Python311\Lib\selectors.py first seen with mtime 1692869352.0
File C:\Users\DELL\Envs\test\Lib\site-packages\django\core\checks\database.py first seen with mtime 1737364401.0057492
File C:\Users\DELL\Envs\test\Lib\site-packages\django\contrib\contenttypes\forms.py first seen with mtime 1737364397.0920665
File C:\Users\DELL\AppData\Local\Programs\Python\Python311\DLLs\_ssl.pyd first seen with mtime 1692869400.0
File C:\Users\DELL\Envs\test\Lib\site-packages\django\core\checks\security\__init__.py first seen with mtime 1737364401.0385046
File C:\Users\DELL\Envs\test\Lib\site-packages\sqlparse\filters\aligned_indent.py first seen with mtime 1737364394.4567747
File C:\Users\DELL\Envs\test\Lib\site-packages\django\db\models\constants.py first seen with mtime 1737364401.3092518
File C:\Users\DELL\AppData\Local\Programs\Python\Python311\Lib\html\entities.py first seen with mtime 1692869350.0
File C:\Users\DELL\Envs\test\Lib\site-packages\sqlparse\__init__.py first seen with mtime 1737364394.4377916
File C:\Users\DELL\projects\telusko\travello\admin.py first seen with mtime 1738575402.6363661
File C:\Users\DELL\Envs\test\Lib\site-packages\django\core\serializers\__init__.py first seen with mtime 1737364401.1304204
File C:\Users\DELL\Envs\test\Lib\site-packages\django\db\backends\utils.py first seen with mtime 1737364401.1494017
File C:\Users\DELL\Envs\test\Lib\site-packages\sqlparse\filters\tokens.py first seen with mtime 1737364394.4617693
File C:\Users\DELL\Envs\test\Lib\site-packages\django\views\decorators\__init__.py first seen with mtime 1737364401.5779507
File C:\Users\DELL\AppData\Local\Programs\Python\Python311\Lib\textwrap.py first seen with mtime 1692869352.0
File C:\Users\DELL\Envs\test\Lib\site-packages\django\middleware\common.py first seen with mtime 1737364401.4739356
File C:\Users\DELL\Envs\test\Lib\site-packages\django\__init__.py first seen with mtime 1737364395.2660222
File C:\Users\DELL\Envs\test\Lib\site-packages\django\utils\functional.py first seen with mtime 1737364401.5468688
File C:\Users\DELL\Envs\test\Lib\site-packages\_virtualenv.py first seen with mtime 1737364162.5041256
File C:\Users\DELL\Envs\test\Lib\site-packages\django\utils\cache.py first seen with mtime 1737364401.534879
File C:\Users\DELL\projects\telusko\accounts\__init__.py first seen with mtime 1737631553.1957307
File C:\Users\DELL\Envs\test\Lib\site-packages\django\contrib\auth\checks.py first seen with mtime 1737364396.738396
File C:\Users\DELL\Envs\test\Lib\site-packages\django\core\files\uploadedfile.py first seen with mtime 1737364401.052492
File C:\Users\DELL\AppData\Local\Programs\Python\Python311\Lib\locale.py first seen with mtime 1692869352.0
File C:\Users\DELL\AppData\Local\Programs\Python\Python311\DLLs\_queue.pyd first seen with mtime 1692869398.0
File C:\Users\DELL\Envs\test\Lib\site-packages\django\db\models\functions\comparison.py first seen with mtime 1737364401.34156
File C:\Users\DELL\Envs\test\Lib\site-packages\sqlparse\filters\__init__.py first seen with mtime 1737364394.4557757
File C:\Users\DELL\Envs\test\Lib\site-packages\django\db\backends\postgresql\__init__.py first seen with mtime 1737364401.2163393
File C:\Users\DELL\Envs\test\Lib\site-packages\django\db\backends\base\client.py first seen with mtime 1737364401.1523979
File C:\Users\DELL\Envs\test\Lib\site-packages\psycopg2\errors.py first seen with mtime 1737622917.038232
File C:\Users\DELL\Envs\test\Lib\site-packages\django\db\backends\postgresql\client.py first seen with mtime 1737364401.2183366
File C:\Users\DELL\Envs\test\Lib\site-packages\django\core\checks\security\csrf.py first seen with mtime 1737364401.0405023
File C:\Users\DELL\AppData\Local\Programs\Python\Python311\Lib\socketserver.py first seen with mtime 1692869352.0
File C:\Users\DELL\AppData\Local\Programs\Python\Python311\DLLs\_hashlib.pyd first seen with mtime 1692869400.0
File C:\Users\DELL\AppData\Local\Programs\Python\Python311\Lib\operator.py first seen with mtime 1692869352.0
File C:\Users\DELL\Envs\test\Lib\site-packages\django\views\i18n.py first seen with mtime 1737364401.5759523
File C:\Users\DELL\AppData\Local\Programs\Python\Python311\Lib\email\mime\nonmultipart.py first seen with mtime 1692869350.0
File C:\Users\DELL\Envs\test\Lib\site-packages\django\contrib\sessions\middleware.py first seen with mtime 1737364400.1991696
File C:\Users\DELL\Envs\test\Lib\site-packages\sqlparse\engine\filter_stack.py first seen with mtime 1737364394.4517798
File C:\Users\DELL\Envs\test\Lib\site-packages\js_asset\__init__.py first seen with mtime 1738057667.4367478
File C:\Users\DELL\AppData\Local\Programs\Python\Python311\Lib\platform.py first seen with mtime 1692869352.0
File C:\Users\DELL\Envs\test\Lib\site-packages\django\contrib\admin\__init__.py first seen with mtime 1737364395.7374036
File C:\Users\DELL\Envs\test\Lib\site-packages\django\utils\text.py first seen with mtime 1737364401.5608554
File C:\Users\DELL\Envs\test\Lib\site-packages\django\utils\__init__.py first seen with mtime 1737364401.5278864
File C:\Users\DELL\Envs\test\Lib\site-packages\django\views\decorators\csrf.py first seen with mtime 1737364401.5829453
File C:\Users\DELL\AppData\Local\Programs\Python\Python311\Lib\numbers.py first seen with mtime 1692869352.0
File C:\Users\DELL\Envs\test\Lib\site-packages\sqlparse\filters\others.py first seen with mtime 1737364394.457774
File C:\Users\DELL\Envs\test\Lib\site-packages\django\contrib\contenttypes\apps.py first seen with mtime 1737364397.08907
File C:\Users\DELL\Envs\test\Lib\site-packages\django\db\backends\base\features.py first seen with mtime 1737364401.1553955
File C:\Users\DELL\AppData\Local\Programs\Python\Python311\Lib\asyncio\proactor_events.py first seen with mtime 1692869350.0
File C:\Users\DELL\AppData\Local\Programs\Python\Python311\Lib\wsgiref\__init__.py first seen with mtime 1692869352.0
File C:\Users\DELL\Envs\test\Lib\site-packages\django\views\generic\detail.py first seen with mtime 1737364401.591936
File C:\Users\DELL\Envs\test\Lib\site-packages\django\contrib\sessions\__init__.py first seen with mtime 1737364400.193176
File C:\Users\DELL\Envs\test\Lib\site-packages\django\template\smartif.py first seen with mtime 1737364401.4939175
File C:\Users\DELL\Envs\test\Lib\site-packages\sqlparse\filters\reindent.py first seen with mtime 1737364394.4597712
File C:\Users\DELL\Envs\test\Lib\site-packages\django\forms\renderers.py first seen with mtime 1737364401.3680344
File C:\Users\DELL\Envs\test\Lib\site-packages\django\contrib\sessions\models.py first seen with mtime 1737364400.2001688
File C:\Users\DELL\Envs\test\Lib\site-packages\django\db\models\utils.py first seen with mtime 1737364401.3242397
File C:\Users\DELL\Envs\test\Lib\site-packages\django\template\loader_tags.py first seen with mtime 1737364401.4919202
File C:\Users\DELL\Envs\test\Lib\site-packages\django\http\cookie.py first seen with mtime 1737364401.465945
File C:\Users\DELL\AppData\Local\Programs\Python\Python311\Lib\contextlib.py first seen with mtime 1692869350.0
File C:\Users\DELL\Envs\test\Lib\site-packages\django\utils\log.py first seen with mtime 1737364401.5558593
File C:\Users\DELL\Envs\test\Lib\site-packages\django\contrib\sites\__init__.py first seen with mtime 1737364400.5764832
File C:\Users\DELL\Envs\test\Lib\site-packages\django\db\models\fields\proxy.py first seen with mtime 1737364401.3355665
File C:\Users\DELL\Envs\test\Lib\site-packages\django\db\models\fields\__init__.py first seen with mtime 1737364401.3252375
File C:\Users\DELL\Envs\test\Lib\site-packages\django\utils\version.py first seen with mtime 1737364401.565851
File C:\Users\DELL\AppData\Local\Programs\Python\Python311\Lib\importlib\_abc.py first seen with mtime 1692869352.0
File C:\Users\DELL\AppData\Local\Programs\Python\Python311\Lib\email\parser.py first seen with mtime 1692869350.0
File C:\Users\DELL\AppData\Local\Programs\Python\Python311\Lib\asyncio\sslproto.py first seen with mtime 1692869350.0
File C:\Users\DELL\AppData\Local\Programs\Python\Python311\Lib\secrets.py first seen with mtime 1692869352.0
File C:\Users\DELL\projects\telusko\templates\base.html first seen with mtime 1737375210.5763793
File C:\Users\DELL\projects\telusko\templates\description.html first seen with mtime 1738233222.4620092
File C:\Users\DELL\projects\telusko\templates\home.html first seen with mtime 1737452897.9175563
File C:\Users\DELL\projects\telusko\templates\index.html first seen with mtime 1738319777.1610572
File C:\Users\DELL\projects\telusko\templates\login.html first seen with mtime 1738228667.969802
File C:\Users\DELL\projects\telusko\templates\register.html first seen with mtime 1738228696.0945451
File C:\Users\DELL\projects\telusko\templates\result.html first seen with mtime 1737375874.9669204
File C:\Users\DELL\Envs\test\Lib\site-packages\ckeditor_uploader\templates\ckeditor first seen with mtime 1738057669.039757
File C:\Users\DELL\Envs\test\Lib\site-packages\ckeditor_uploader\templates\ckeditor\browse.html first seen with mtime 1738057669.039757
File C:\Users\DELL\Envs\test\Lib\site-packages\ckeditor\templates\ckeditor first seen with mtime 1738057668.985672
File C:\Users\DELL\Envs\test\Lib\site-packages\ckeditor\templates\ckeditor\widget.html first seen with mtime 1738057668.985672
File C:\Users\DELL\Envs\test\Lib\site-packages\django\contrib\auth\migrations\0005_alter_user_last_login_null.py first seen with mtime 1737364397.073085
File C:\Users\DELL\AppData\Local\Programs\Python\Python311\Lib\encodings\idna.py first seen with mtime 1692869350.0
File C:\Users\DELL\Envs\test\Lib\site-packages\django\contrib\sessions\backends\db.py first seen with mtime 1737364400.2091608
File C:\Users\DELL\Envs\test\Lib\site-packages\django\db\models\sql\compiler.py first seen with mtime 1737364401.3520439
File C:\Users\DELL\Envs\test\Lib\site-packages\django\contrib\auth\migrations\0002_alter_permission_name_max_length.py first seen with mtime 1737364397.0690885
File C:\Users\DELL\Envs\test\Lib\site-packages\django\contrib\auth\migrations\0012_alter_user_first_name_max_length.py first seen with mtime 1737364397.0810773
File C:\Users\DELL\Envs\test\Lib\site-packages\django\contrib\auth\migrations\0009_alter_user_last_name_max_length.py first seen with mtime 1737364397.0770812
File C:\Users\DELL\Envs\test\Lib\site-packages\django\contrib\auth\migrations\0011_update_proxy_permissions.py first seen with mtime 1737364397.080078
File C:\Users\DELL\projects\telusko\travello\migrations\0008_comments_dislikes.py first seen with mtime 1738227866.5806205
File C:\Users\DELL\projects\telusko\travello\migrations\0003_alter_destination_des.py first seen with mtime 1738066921.767622
File C:\Users\DELL\Envs\test\Lib\site-packages\django\contrib\admin\migrations\0002_logentry_remove_auto_add.py first seen with mtime 1737364396.2929058
File C:\Users\DELL\projects\telusko\travello\migrations\__init__.py first seen with mtime 1737452597.9423423
File C:\Users\DELL\Envs\test\Lib\site-packages\django\contrib\auth\migrations\0003_alter_user_email_max_length.py first seen with mtime 1737364397.0700872
File C:\Users\DELL\projects\telusko\travello\migrations\0001_initial.py first seen with mtime 1737623545.8238232
File C:\Users\DELL\projects\telusko\telusko\wsgi.py first seen with mtime 1737364903.9582171
File C:\Users\DELL\Envs\test\Lib\site-packages\django\contrib\admin\migrations\0003_logentry_add_action_flag_choices.py first seen with mtime 1737364396.294904
File C:\Users\DELL\Envs\test\Lib\site-packages\django\contrib\auth\migrations\0008_alter_user_username_max_length.py first seen with mtime 1737364397.0760813
File C:\Users\DELL\projects\telusko\travello\migrations\0002_alter_destination_des.py first seen with mtime 1738057891.4650052
File C:\Users\DELL\projects\telusko\travello\migrations\0006_alter_comments_parent.py first seen with mtime 1738146934.2486832
File C:\Users\DELL\Envs\test\Lib\site-packages\django\views\csrf.py first seen with mtime 1737364401.573954
File C:\Users\DELL\Envs\test\Lib\site-packages\django\contrib\auth\migrations\0010_alter_group_name_max_length.py first seen with mtime 1737364397.0790782
File C:\Users\DELL\Envs\test\Lib\site-packages\django\contrib\contenttypes\migrations\0002_remove_content_type_name.py first seen with mtime 1737364397.462023
File C:\Users\DELL\projects\telusko\travello\migrations\0009_visitortracking.py first seen with mtime 1738575309.3104372
File C:\Users\DELL\projects\telusko\travello\migrations\0007_comments_likes.py first seen with mtime 1738227119.2796016
File C:\Users\DELL\Envs\test\Lib\site-packages\django\contrib\sessions\migrations\__init__.py first seen with mtime 1737364400.5684884
File C:\Users\DELL\Envs\test\Lib\site-packages\django\contrib\auth\migrations\0006_require_contenttypes_0002.py first seen with mtime 1737364397.074083
File C:\Users\DELL\Envs\test\Lib\site-packages\django\contrib\sessions\migrations\0001_initial.py first seen with mtime 1737364400.5674891
File C:\Users\DELL\Envs\test\Lib\site-packages\django\contrib\auth\migrations\0004_alter_user_username_opts.py first seen with mtime 1737364397.072086
File C:\Users\DELL\Envs\test\Lib\site-packages\django\db\migrations\loader.py first seen with mtime 1737364401.2692893
File C:\Users\DELL\projects\telusko\travello\migrations\0005_comments_parent.py first seen with mtime 1738145926.0143678
File C:\Users\DELL\Envs\test\Lib\site-packages\django\db\migrations\recorder.py first seen with mtime 1737364401.2732866
File C:\Users\DELL\Envs\test\Lib\site-packages\django\contrib\admin\migrations\__init__.py first seen with mtime 1737364396.294904
File C:\Users\DELL\AppData\Local\Programs\Python\Python311\Lib\stringprep.py first seen with mtime 1692869352.0
File C:\Users\DELL\Envs\test\Lib\site-packages\django\contrib\auth\migrations\0007_alter_validators_add_error_messages.py first seen with mtime 1737364397.0750835
File C:\Users\DELL\Envs\test\Lib\site-packages\django\contrib\contenttypes\migrations\__init__.py first seen with mtime 1737364397.462023
File C:\Users\DELL\Envs\test\Lib\site-packages\django\contrib\admin\migrations\0001_initial.py first seen with mtime 1737364396.2929058
File C:\Users\DELL\Envs\test\Lib\site-packages\django\db\migrations\graph.py first seen with mtime 1737364401.2672913
File C:\Users\DELL\Envs\test\Lib\site-packages\django\db\migrations\executor.py first seen with mtime 1737364401.266295
File C:\Users\DELL\Envs\test\Lib\site-packages\django\contrib\contenttypes\migrations\0001_initial.py first seen with mtime 1737364397.4600232
File C:\Users\DELL\Envs\test\Lib\site-packages\django\contrib\auth\migrations\__init__.py first seen with mtime 1737364397.0810773
File C:\Users\DELL\Envs\test\Lib\site-packages\django\middleware\clickjacking.py first seen with mtime 1737364401.4739356
File C:\Users\DELL\projects\telusko\travello\migrations\0004_comments.py first seen with mtime 1738132847.2946343
File C:\Users\DELL\Envs\test\Lib\site-packages\django\contrib\messages\middleware.py first seen with mtime 1737364399.363989
File C:\Users\DELL\Envs\test\Lib\site-packages\django\contrib\auth\migrations\0001_initial.py first seen with mtime 1737364397.0680907
File C:\Users\DELL\projects\telusko\travello\middleware.py previous mtime: 1738574335.2613537, current mtime: 1738577540.747903
C:\Users\DELL\projects\telusko\travello\middleware.py notified as changed. Signal results: [(<function template_changed at 0x000001537C8E0F40>, None), (<function translation_file_changed at 0x000001537D8BD8A0>, None)].
C:\Users\DELL\projects\telusko\travello\middleware.py changed, reloading.
Watching for file changes with StatReloader
Waiting for apps ready_event.
Apps ready_event triggered. Sending autoreload_started signal.
Watching dir C:\Users\DELL\Envs\test\Lib\site-packages\ckeditor_uploader\templates with glob **/*.
Watching dir C:\Users\DELL\projects\telusko\templates with glob **/*.
Watching dir C:\Users\DELL\Envs\test\Lib\site-packages\ckeditor\templates with glob **/*.
Watching dir C:\Users\DELL\projects\telusko\locale with glob **/*.mo.
Watching dir C:\Users\DELL\projects\telusko\travello\locale with glob **/*.mo.
Watching dir C:\Users\DELL\Envs\test\Lib\site-packages\ckeditor\locale with glob **/*.mo.
Watching dir C:\Users\DELL\Envs\test\Lib\site-packages\ckeditor_uploader\locale with glob **/*.mo.
(0.016) 
            SELECT
                c.relname,
                CASE
                    WHEN c.relispartition THEN 'p'
                    WHEN c.relkind IN ('m', 'v') THEN 'v'
                    ELSE 't'
                END,
                obj_description(c.oid, 'pg_class')
            FROM pg_catalog.pg_class c
            LEFT JOIN pg_catalog.pg_namespace n ON n.oid = c.relnamespace
            WHERE c.relkind IN ('f', 'm', 'p', 'r', 'v')
                AND n.nspname NOT IN ('pg_catalog', 'pg_toast')
                AND pg_catalog.pg_table_is_visible(c.oid)
        ; args=None; alias=default
(0.000) SELECT "django_migrations"."id", "django_migrations"."app", "django_migrations"."name", "django_migrations"."applied" FROM "django_migrations"; args=(); alias=default
File C:\Users\DELL\Envs\test\Lib\site-packages\django\contrib\contenttypes\models.py first seen with mtime 1737364397.094065
File C:\Users\DELL\Envs\test\Lib\site-packages\django\middleware\csrf.py first seen with mtime 1737364401.4749353
File C:\Users\DELL\Envs\test\Lib\site-packages\sqlparse\engine\__init__.py first seen with mtime 1737364394.4507802
File C:\Users\DELL\Envs\test\Lib\site-packages\django\contrib\staticfiles\management\commands\__init__.py first seen with mtime 1737364400.9667852
File C:\Users\DELL\Envs\test\Lib\site-packages\django\db\migrations\operations\special.py first seen with mtime 1737364401.3062558
File C:\Users\DELL\AppData\Local\Programs\Python\Python311\Lib\html\entities.py first seen with mtime 1692869350.0
File C:\Users\DELL\Envs\test\Lib\site-packages\django\utils\lorem_ipsum.py first seen with mtime 1737364401.5558593
File C:\Users\DELL\Envs\test\Lib\site-packages\django\contrib\auth\admin.py first seen with mtime 1737364396.7334006
File C:\Users\DELL\AppData\Local\Programs\Python\Python311\Lib\pathlib.py first seen with mtime 1692869352.0
File C:\Users\DELL\AppData\Local\Programs\Python\Python311\Lib\asyncio\windows_events.py first seen with mtime 1692869350.0
File C:\Users\DELL\Envs\test\Lib\site-packages\django\contrib\contenttypes\views.py first seen with mtime 1737364397.0960631
File C:\Users\DELL\Envs\test\Lib\site-packages\django\core\checks\translation.py first seen with mtime 1737364401.0345092
File C:\Users\DELL\Envs\test\Lib\site-packages\django\template\backends\django.py first seen with mtime 1737364401.498913
File C:\Users\DELL\Envs\test\Lib\site-packages\django\forms\models.py first seen with mtime 1737364401.366037
File C:\Users\DELL\AppData\Local\Programs\Python\Python311\Lib\asyncio\runners.py first seen with mtime 1692869350.0
File C:\Users\DELL\AppData\Local\Programs\Python\Python311\Lib\queue.py first seen with mtime 1692869352.0
File C:\Users\DELL\Envs\test\Lib\site-packages\psycopg2\sql.py first seen with mtime 1737622917.0422273
File C:\Users\DELL\AppData\Local\Programs\Python\Python311\Lib\asyncio\log.py first seen with mtime 1692869350.0
File C:\Users\DELL\Envs\test\Lib\site-packages\django\contrib\admin\apps.py first seen with mtime 1737364395.739402
File C:\Users\DELL\AppData\Local\Programs\Python\Python311\Lib\copyreg.py first seen with mtime 1692869350.0
File C:\Users\DELL\AppData\Local\Programs\Python\Python311\Lib\nturl2path.py first seen with mtime 1692869352.0
File C:\Users\DELL\Envs\test\Lib\site-packages\django\contrib\sessions\exceptions.py first seen with mtime 1737364400.198171
File C:\Users\DELL\Envs\test\Lib\site-packages\django\db\migrations\migration.py first seen with mtime 1737364401.2702904
File C:\Users\DELL\Envs\test\Lib\site-packages\django\db\models\query.py first seen with mtime 1737364401.3222399
File C:\Users\DELL\AppData\Local\Programs\Python\Python311\Lib\operator.py first seen with mtime 1692869352.0
File C:\Users\DELL\AppData\Local\Programs\Python\Python311\Lib\email\policy.py first seen with mtime 1692869350.0
File C:\Users\DELL\Envs\test\Lib\site-packages\django\template\engine.py first seen with mtime 1737364401.488922
File C:\Users\DELL\Envs\test\Lib\site-packages\django\contrib\admin\checks.py first seen with mtime 1737364395.7413998
File C:\Users\DELL\AppData\Local\Programs\Python\Python311\Lib\pprint.py first seen with mtime 1692869352.0
File C:\Users\DELL\Envs\test\Lib\site-packages\django\db\backends\base\creation.py first seen with mtime 1737364401.1543963
File C:\Users\DELL\Envs\test\Lib\site-packages\sqlparse\__init__.py first seen with mtime 1737364394.4377916
File C:\Users\DELL\Envs\test\Lib\site-packages\django\db\backends\postgresql\introspection.py first seen with mtime 1737364401.2223327
File C:\Users\DELL\AppData\Local\Programs\Python\Python311\Lib\json\decoder.py first seen with mtime 1692869352.0
File C:\Users\DELL\Envs\test\Lib\site-packages\django\views\generic\detail.py first seen with mtime 1737364401.591936
File C:\Users\DELL\Envs\test\Lib\site-packages\django\contrib\admin\templatetags\base.py first seen with mtime 1737364396.475633
File C:\Users\DELL\Envs\test\Lib\site-packages\django\templatetags\tz.py first seen with mtime 1737364401.5099025
File C:\Users\DELL\projects\telusko\travello\apps.py first seen with mtime 1737452597.9072034
File C:\Users\DELL\AppData\Local\Programs\Python\Python311\Lib\uuid.py first seen with mtime 1692869352.0
File C:\Users\DELL\Envs\test\Lib\site-packages\django\template\backends\base.py first seen with mtime 1737364401.495916
File C:\Users\DELL\Envs\test\Lib\site-packages\django\db\backends\base\introspection.py first seen with mtime 1737364401.1563945
File C:\Users\DELL\Envs\test\Lib\site-packages\django\contrib\auth\middleware.py first seen with mtime 1737364396.7453904
File C:\Users\DELL\Envs\test\Lib\site-packages\django\utils\formats.py first seen with mtime 1737364401.5458705
File C:\Users\DELL\AppData\Local\Programs\Python\Python311\Lib\dataclasses.py first seen with mtime 1692869350.0
File C:\Users\DELL\AppData\Local\Programs\Python\Python311\Lib\asyncio\windows_utils.py first seen with mtime 1692869350.0
File C:\Users\DELL\Envs\test\Lib\site-packages\django\views\__init__.py first seen with mtime 1737364401.5729547
File C:\Users\DELL\AppData\Local\Programs\Python\Python311\Lib\asyncio\subprocess.py first seen with mtime 1692869350.0
File C:\Users\DELL\AppData\Local\Programs\Python\Python311\Lib\ctypes\_endian.py first seen with mtime 1692869350.0
File C:\Users\DELL\Envs\test\Lib\site-packages\django\contrib\admin\sites.py first seen with mtime 1737364395.7533884
File C:\Users\DELL\AppData\Local\Programs\Python\Python311\Lib\string.py first seen with mtime 1692869352.0
File C:\Users\DELL\Envs\test\Lib\site-packages\django\utils\asyncio.py first seen with mtime 1737364401.531882
File C:\Users\DELL\Envs\test\Lib\site-packages\sqlparse\filters\output.py first seen with mtime 1737364394.4587724
File C:\Users\DELL\Envs\test\Lib\site-packages\django\templatetags\__init__.py first seen with mtime 1737364401.505907
File C:\Users\DELL\AppData\Local\Programs\Python\Python311\DLLs\_zoneinfo.pyd first seen with mtime 1692869400.0
File C:\Users\DELL\Envs\test\Lib\site-packages\django\contrib\contenttypes\apps.py first seen with mtime 1737364397.08907
File C:\Users\DELL\Envs\test\Lib\site-packages\django\core\files\storage\filesystem.py first seen with mtime 1737364401.058486
File C:\Users\DELL\Envs\test\Lib\site-packages\sqlparse\cli.py first seen with mtime 1737364394.4397907
File C:\Users\DELL\AppData\Local\Programs\Python\Python311\DLLs\_bz2.pyd first seen with mtime 1692869400.0
File C:\Users\DELL\Envs\test\Lib\site-packages\django\contrib\admin\__init__.py first seen with mtime 1737364395.7374036
File C:\Users\DELL\AppData\Local\Programs\Python\Python311\Lib\pkgutil.py first seen with mtime 1692869352.0
File C:\Users\DELL\Envs\test\Lib\site-packages\django\contrib\contenttypes\checks.py first seen with mtime 1737364397.0900683
File C:\Users\DELL\Envs\test\Lib\site-packages\django\core\handlers\base.py first seen with mtime 1737364401.0684764
File C:\Users\DELL\Envs\test\Lib\site-packages\django\utils\regex_helper.py first seen with mtime 1737364401.5588567
File C:\Users\DELL\AppData\Local\Programs\Python\Python311\Lib\email\_policybase.py first seen with mtime 1692869350.0
File C:\Users\DELL\AppData\Local\Programs\Python\Python311\DLLs\unicodedata.pyd first seen with mtime 1692869398.0
File C:\Users\DELL\Envs\test\Lib\site-packages\django\core\files\storage\base.py first seen with mtime 1737364401.0574875
File C:\Users\DELL\Envs\test\Lib\site-packages\sqlparse\lexer.py first seen with mtime 1737364394.4457858
File C:\Users\DELL\Envs\test\Lib\site-packages\django\core\checks\model_checks.py first seen with mtime 1737364401.031511
File C:\Users\DELL\projects\telusko\travello\__init__.py first seen with mtime 1737452597.939345
File C:\Users\DELL\Envs\test\Lib\site-packages\django\views\generic\base.py first seen with mtime 1737364401.5899382
File C:\Users\DELL\Envs\test\Lib\site-packages\django\utils\translation\trans_real.py first seen with mtime 1737364401.571956
File C:\Users\DELL\Envs\test\Lib\site-packages\django\views\decorators\__init__.py first seen with mtime 1737364401.5779507
File C:\Users\DELL\AppData\Local\Programs\Python\Python311\Lib\asyncio\timeouts.py first seen with mtime 1692869350.0
File C:\Users\DELL\AppData\Local\Programs\Python\Python311\Lib\http\server.py first seen with mtime 1692869350.0
File C:\Users\DELL\AppData\Local\Programs\Python\Python311\Lib\email\charset.py first seen with mtime 1692869350.0
File C:\Users\DELL\AppData\Local\Programs\Python\Python311\Lib\email\headerregistry.py first seen with mtime 1692869350.0
File C:\Users\DELL\Envs\test\Lib\site-packages\django\template\exceptions.py first seen with mtime 1737364401.488922
File C:\Users\DELL\projects\telusko\travello\admin.py first seen with mtime 1738575402.6363661
File C:\Users\DELL\Envs\test\Lib\site-packages\django\views\debug.py first seen with mtime 1737364401.5749526
File C:\Users\DELL\Envs\test\Lib\site-packages\django\db\backends\postgresql\psycopg_any.py first seen with mtime 1737364401.2243316
File C:\Users\DELL\AppData\Local\Programs\Python\Python311\Lib\concurrent\__init__.py first seen with mtime 1692869350.0
File C:\Users\DELL\Envs\test\Lib\site-packages\django\contrib\auth\base_user.py first seen with mtime 1737364396.7363982
File C:\Users\DELL\Envs\test\Lib\site-packages\django\db\models\functions\window.py first seen with mtime 1737364401.3485548
File C:\Users\DELL\Envs\test\Lib\site-packages\django\views\defaults.py first seen with mtime 1737364401.5759523
File C:\Users\DELL\Envs\test\Lib\site-packages\django\contrib\contenttypes\__init__.py first seen with mtime 1737364397.0860724
File C:\Users\DELL\Envs\test\Lib\site-packages\PIL\_util.py first seen with mtime 1737623534.7447102
File C:\Users\DELL\Envs\test\Lib\site-packages\django\views\i18n.py first seen with mtime 1737364401.5759523
File C:\Users\DELL\AppData\Local\Programs\Python\Python311\Lib\urllib\__init__.py first seen with mtime 1692869352.0
File C:\Users\DELL\Envs\test\Lib\site-packages\django\contrib\admin\views\main.py first seen with mtime 1737364396.4796288
File C:\Users\DELL\Envs\test\Lib\site-packages\django\utils\connection.py first seen with mtime 1737364401.536878
File C:\Users\DELL\AppData\Local\Programs\Python\Python311\Lib\wsgiref\headers.py first seen with mtime 1692869352.0
File C:\Users\DELL\Envs\test\Lib\site-packages\django\utils\text.py first seen with mtime 1737364401.5608554
File C:\Users\DELL\Envs\test\Lib\site-packages\django\urls\resolvers.py first seen with mtime 1737364401.5258882
File C:\Users\DELL\Envs\test\Lib\site-packages\django\contrib\admin\widgets.py first seen with mtime 1737364395.7573864
File C:\Users\DELL\Envs\test\Lib\site-packages\django\core\cache\backends\__init__.py first seen with mtime 1737364400.9897645
File C:\Users\DELL\Envs\test\Lib\site-packages\django\contrib\staticfiles\utils.py first seen with mtime 1737364400.9627886
File C:\Users\DELL\AppData\Local\Programs\Python\Python311\Lib\copy.py first seen with mtime 1692869350.0
File C:\Users\DELL\Envs\test\Lib\site-packages\django\contrib\contenttypes\admin.py first seen with mtime 1737364397.0870714
File C:\Users\DELL\Envs\test\Lib\site-packages\django\core\checks\security\__init__.py first seen with mtime 1737364401.0385046
File C:\Users\DELL\Envs\test\Lib\site-packages\django\core\management\commands\__init__.py first seen with mtime 1737364401.0934527
File C:\Users\DELL\Envs\test\Lib\site-packages\django\contrib\messages\apps.py first seen with mtime 1737364399.3609917
File C:\Users\DELL\Envs\test\Lib\site-packages\django\forms\__init__.py first seen with mtime 1737364401.3600438
File C:\Users\DELL\AppData\Local\Programs\Python\Python311\Lib\email\iterators.py first seen with mtime 1692869350.0
File C:\Users\DELL\Envs\test\Lib\site-packages\django\apps\__init__.py first seen with mtime 1737364395.2700171
File C:\Users\DELL\Envs\test\Lib\site-packages\django\core\files\locks.py first seen with mtime 1737364401.0484955
File C:\Users\DELL\Envs\test\Lib\site-packages\django\urls\conf.py first seen with mtime 1737364401.5238895
File C:\Users\DELL\Envs\test\Lib\site-packages\psycopg2\_psycopg.cp311-win_amd64.pyd first seen with mtime 1737622917.0352342
File C:\Users\DELL\AppData\Local\Programs\Python\Python311\Lib\token.py first seen with mtime 1692869352.0
File C:\Users\DELL\AppData\Local\Programs\Python\Python311\Lib\socketserver.py first seen with mtime 1692869352.0
File C:\Users\DELL\Envs\test\Lib\site-packages\django\contrib\sites\__init__.py first seen with mtime 1737364400.5764832
File C:\Users\DELL\AppData\Local\Programs\Python\Python311\Lib\email\_header_value_parser.py first seen with mtime 1692869350.0
File C:\Users\DELL\AppData\Local\Programs\Python\Python311\Lib\email\mime\nonmultipart.py first seen with mtime 1692869350.0
File C:\Users\DELL\Envs\test\Lib\site-packages\django\utils\datastructures.py first seen with mtime 1737364401.5378773
File C:\Users\DELL\AppData\Local\Programs\Python\Python311\Lib\signal.py first seen with mtime 1692869352.0
File C:\Users\DELL\AppData\Local\Programs\Python\Python311\Lib\concurrent\futures\thread.py first seen with mtime 1692869350.0
File C:\Users\DELL\Envs\test\Lib\site-packages\sqlparse\formatter.py first seen with mtime 1737364394.442787
File C:\Users\DELL\projects\telusko\telusko\__init__.py first seen with mtime 1737364903.9582171
File C:\Users\DELL\Envs\test\Lib\site-packages\django\views\decorators\debug.py first seen with mtime 1737364401.5839446
File C:\Users\DELL\Envs\test\Lib\site-packages\django\core\checks\messages.py first seen with mtime 1737364401.0295143
File C:\Users\DELL\Envs\test\Lib\site-packages\PIL\__init__.py first seen with mtime 1737623534.6088374
File C:\Users\DELL\Envs\test\Lib\site-packages\django\contrib\admin\actions.py first seen with mtime 1737364395.7384021
File C:\Users\DELL\Envs\test\Lib\site-packages\django\db\models\functions\math.py first seen with mtime 1737364401.343559
File C:\Users\DELL\Envs\test\Lib\site-packages\django\core\files\utils.py first seen with mtime 1737364401.055489
File C:\Users\DELL\Envs\test\Lib\site-packages\django\core\handlers\wsgi.py first seen with mtime 1737364401.071473
File C:\Users\DELL\AppData\Local\Programs\Python\Python311\Lib\ipaddress.py first seen with mtime 1692869352.0
File C:\Users\DELL\Envs\test\Lib\site-packages\sqlparse\sql.py first seen with mtime 1737364394.446784
File C:\Users\DELL\Envs\test\Lib\site-packages\django\utils\ipv6.py first seen with mtime 1737364401.5528622
File C:\Users\DELL\Envs\test\Lib\site-packages\django\contrib\auth\forms.py first seen with mtime 1737364396.7433908
File C:\Users\DELL\Envs\test\Lib\site-packages\sqlparse\engine\statement_splitter.py first seen with mtime 1737364394.4547772
File C:\Users\DELL\Envs\test\Lib\site-packages\django\contrib\admin\decorators.py first seen with mtime 1737364395.7423995
File C:\Users\DELL\Envs\test\Lib\site-packages\django\urls\__init__.py first seen with mtime 1737364401.522891
File C:\Users\DELL\Envs\test\Lib\site-packages\django\db\migrations\__init__.py first seen with mtime 1737364401.260298
File C:\Users\DELL\Envs\test\Lib\site-packages\psycopg2\_json.py first seen with mtime 1737622917.0125966
File C:\Users\DELL\Envs\test\Lib\site-packages\django\core\files\uploadedfile.py first seen with mtime 1737364401.052492
File C:\Users\DELL\AppData\Local\Programs\Python\Python311\Lib\functools.py first seen with mtime 1692869350.0
File C:\Users\DELL\Envs\test\Lib\site-packages\django\utils\functional.py first seen with mtime 1737364401.5468688
File C:\Users\DELL\Envs\test\Lib\site-packages\django\db\backends\ddl_references.py first seen with mtime 1737364401.1474037
File C:\Users\DELL\AppData\Local\Programs\Python\Python311\Lib\http\cookies.py first seen with mtime 1692869350.0
File C:\Users\DELL\Envs\test\Lib\site-packages\django\db\backends\postgresql\operations.py first seen with mtime 1737364401.2233326
File C:\Users\DELL\AppData\Local\Programs\Python\Python311\Lib\email\utils.py first seen with mtime 1692869350.0
File C:\Users\DELL\Envs\test\Lib\site-packages\django\http\__init__.py first seen with mtime 1737364401.4619477
File C:\Users\DELL\Envs\test\Lib\site-packages\django\db\models\manager.py first seen with mtime 1737364401.3192437
File C:\Users\DELL\AppData\Local\Programs\Python\Python311\Lib\reprlib.py first seen with mtime 1692869352.0
File C:\Users\DELL\Envs\test\Lib\site-packages\django\contrib\messages\__init__.py first seen with mtime 1737364399.3579943
File C:\Users\DELL\AppData\Local\Programs\Python\Python311\Lib\urllib\parse.py first seen with mtime 1692869352.0
File C:\Users\DELL\Envs\test\Lib\site-packages\ckeditor\fields.py first seen with mtime 1738057667.513965
File C:\Users\DELL\Envs\test\Lib\site-packages\django\core\serializers\base.py first seen with mtime 1737364401.1324193
File C:\Users\DELL\Envs\test\Lib\site-packages\django\forms\widgets.py first seen with mtime 1737364401.3700335
File C:\Users\DELL\Envs\test\Lib\site-packages\django\middleware\cache.py first seen with mtime 1737364401.4729373
File C:\Users\DELL\Envs\test\Lib\site-packages\django\templatetags\l10n.py first seen with mtime 1737364401.5089035
File C:\Users\DELL\AppData\Local\Programs\Python\Python311\Lib\asyncio\base_events.py first seen with mtime 1692869350.0
File C:\Users\DELL\Envs\test\Lib\site-packages\django\db\models\aggregates.py first seen with mtime 1737364401.307257
File C:\Users\DELL\Envs\test\Lib\site-packages\js_asset\js.py first seen with mtime 1738057667.437793
File C:\Users\DELL\Envs\test\Lib\site-packages\django\utils\translation\__init__.py first seen with mtime 1737364401.5688481
File C:\Users\DELL\AppData\Local\Programs\Python\Python311\Lib\hmac.py first seen with mtime 1692869350.0
File C:\Users\DELL\Envs\test\Lib\site-packages\django\contrib\sessions\backends\base.py first seen with mtime 1737364400.2031658
File C:\Users\DELL\AppData\Local\Programs\Python\Python311\Lib\asyncio\protocols.py first seen with mtime 1692869350.0
File C:\Users\DELL\AppData\Local\Programs\Python\Python311\Lib\email\contentmanager.py first seen with mtime 1692869350.0
File C:\Users\DELL\Envs\test\Lib\site-packages\django\db\models\functions\text.py first seen with mtime 1737364401.3455567
File C:\Users\DELL\AppData\Local\Programs\Python\Python311\Lib\asyncio\exceptions.py first seen with mtime 1692869350.0
File C:\Users\DELL\Envs\test\Lib\site-packages\django\db\backends\postgresql\base.py first seen with mtime 1737364401.2173374
File C:\Users\DELL\AppData\Local\Programs\Python\Python311\Lib\asyncio\mixins.py first seen with mtime 1692869350.0
File C:\Users\DELL\Envs\test\Lib\site-packages\django\core\handlers\asgi.py first seen with mtime 1737364401.06748
File C:\Users\DELL\Envs\test\Lib\site-packages\django\utils\version.py first seen with mtime 1737364401.565851
File C:\Users\DELL\AppData\Local\Programs\Python\Python311\Lib\asyncio\base_tasks.py first seen with mtime 1692869350.0
File C:\Users\DELL\Envs\test\Lib\site-packages\django\db\models\sql\subqueries.py first seen with mtime 1737364401.3560615
File C:\Users\DELL\Envs\test\Lib\site-packages\django\db\backends\base\base.py first seen with mtime 1737364401.1513994
File C:\Users\DELL\Envs\test\Lib\site-packages\django\core\servers\basehttp.py first seen with mtime 1737364401.140409
File C:\Users\DELL\Envs\test\Lib\site-packages\django\core\files\base.py first seen with mtime 1737364401.0445
File C:\Users\DELL\Envs\test\Lib\site-packages\django\conf\urls\static.py first seen with mtime 1737364395.7344067
File C:\Users\DELL\Envs\test\Lib\site-packages\django\template\utils.py first seen with mtime 1737364401.4939175
File C:\Users\DELL\Envs\test\Lib\site-packages\PIL\TiffTags.py first seen with mtime 1737623534.5568867
File C:\Users\DELL\Envs\test\Lib\site-packages\django\db\models\sql\__init__.py first seen with mtime 1737364401.3495562
File C:\Users\DELL\Envs\test\Lib\site-packages\django\core\signing.py first seen with mtime 1737364400.9837756
File C:\Users\DELL\Envs\test\Lib\site-packages\django\db\models\indexes.py first seen with mtime 1737364401.3162465
File C:\Users\DELL\AppData\Local\Programs\Python\Python311\DLLs\_socket.pyd first seen with mtime 1692869400.0
File C:\Users\DELL\Envs\test\Lib\site-packages\django\core\cache\__init__.py first seen with mtime 1737364400.9877672
File C:\Users\DELL\Envs\test\Lib\site-packages\django\core\files\storage\handler.py first seen with mtime 1737364401.060485
File C:\Users\DELL\Envs\test\Lib\site-packages\django\core\serializers\json.py first seen with mtime 1737364401.1334157
File C:\Users\DELL\AppData\Local\Programs\Python\Python311\Lib\gettext.py first seen with mtime 1692869350.0
File C:\Users\DELL\Envs\test\Lib\site-packages\django\contrib\messages\storage\base.py first seen with mtime 1737364399.370983
File C:\Users\DELL\Envs\test\Lib\site-packages\django\core\checks\__init__.py first seen with mtime 1737364401.0027518
File C:\Users\DELL\Envs\test\Lib\site-packages\django\db\migrations\operations\base.py first seen with mtime 1737364401.2822776
File C:\Users\DELL\Envs\test\Lib\site-packages\django\db\models\fields\__init__.py first seen with mtime 1737364401.3252375
File C:\Users\DELL\AppData\Local\Programs\Python\Python311\Lib\encodings\__init__.py first seen with mtime 1692869350.0
File C:\Users\DELL\Envs\test\Lib\site-packages\sqlparse\filters\__init__.py first seen with mtime 1737364394.4557757
File C:\Users\DELL\Envs\test\Lib\site-packages\django\db\models\enums.py first seen with mtime 1737364401.3132524
File C:\Users\DELL\Envs\test\Lib\site-packages\django\db\models\constants.py first seen with mtime 1737364401.3092518
File C:\Users\DELL\Envs\test\Lib\site-packages\sqlparse\filters\reindent.py first seen with mtime 1737364394.4597712
File C:\Users\DELL\AppData\Local\Programs\Python\Python311\Lib\re\_compiler.py first seen with mtime 1692869352.0
File C:\Users\DELL\Envs\test\Lib\site-packages\django\core\exceptions.py first seen with mtime 1737364400.9767756
File C:\Users\DELL\Envs\test\Lib\site-packages\django\db\models\fields\mixins.py first seen with mtime 1737364401.3345678
File C:\Users\DELL\Envs\test\Lib\site-packages\django\core\management\base.py first seen with mtime 1737364401.087459
File C:\Users\DELL\Envs\test\Lib\site-packages\django\views\static.py first seen with mtime 1737364401.576951
File C:\Users\DELL\Envs\test\Lib\site-packages\PIL\_binary.py first seen with mtime 1737623534.6118348
File C:\Users\DELL\AppData\Local\Programs\Python\Python311\DLLs\_decimal.pyd first seen with mtime 1692869398.0
File C:\Users\DELL\AppData\Local\Programs\Python\Python311\Lib\asyncio\base_futures.py first seen with mtime 1692869350.0
File C:\Users\DELL\Envs\test\Lib\site-packages\django\http\multipartparser.py first seen with mtime 1737364401.467944
File C:\Users\DELL\Envs\test\Lib\site-packages\django\templatetags\static.py first seen with mtime 1737364401.5089035
File C:\Users\DELL\Envs\test\Lib\site-packages\django\db\models\functions\__init__.py first seen with mtime 1737364401.3405602
File C:\Users\DELL\Envs\test\Lib\site-packages\django\core\mail\__init__.py first seen with mtime 1737364401.0724728
File C:\Users\DELL\Envs\test\Lib\site-packages\django\db\transaction.py first seen with mtime 1737364401.142408
File C:\Users\DELL\Envs\test\Lib\site-packages\django\core\servers\__init__.py first seen with mtime 1737364401.139411
File C:\Users\DELL\AppData\Local\Programs\Python\Python311\Lib\numbers.py first seen with mtime 1692869352.0
File C:\Users\DELL\Envs\test\Lib\site-packages\django\conf\urls\__init__.py first seen with mtime 1737364395.7324097
File C:\Users\DELL\Envs\test\Lib\site-packages\django\utils\html.py first seen with mtime 1737364401.5498905
File C:\Users\DELL\Envs\test\Lib\site-packages\django\contrib\auth\password_validation.py first seen with mtime 1737364396.7493868
File C:\Users\DELL\Envs\test\Lib\site-packages\django\template\base.py first seen with mtime 1737364401.4839277
File C:\Users\DELL\Envs\test\Lib\site-packages\django\contrib\admin\templatetags\admin_urls.py first seen with mtime 1737364396.4746282
File C:\Users\DELL\AppData\Local\Programs\Python\Python311\Lib\html\__init__.py first seen with mtime 1692869350.0
File C:\Users\DELL\Envs\test\Lib\site-packages\django\views\generic\list.py first seen with mtime 1737364401.5936112
File C:\Users\DELL\Envs\test\Lib\site-packages\django\db\models\signals.py first seen with mtime 1737364401.3232398
File C:\Users\DELL\AppData\Local\Programs\Python\Python311\Lib\html\parser.py first seen with mtime 1692869350.0
File C:\Users\DELL\AppData\Local\Programs\Python\Python311\Lib\ctypes\wintypes.py first seen with mtime 1692869350.0
File C:\Users\DELL\AppData\Local\Programs\Python\Python311\DLLs\_asyncio.pyd first seen with mtime 1692869400.0
File C:\Users\DELL\AppData\Local\Programs\Python\Python311\Lib\email\base64mime.py first seen with mtime 1692869350.0
File C:\Users\DELL\Envs\test\Lib\site-packages\django\template\defaulttags.py first seen with mtime 1737364401.4879234
File C:\Users\DELL\Envs\test\Lib\site-packages\django\db\models\utils.py first seen with mtime 1737364401.3242397
File C:\Users\DELL\AppData\Local\Programs\Python\Python311\Lib\asyncio\constants.py first seen with mtime 1692869350.0
File C:\Users\DELL\Envs\test\Lib\site-packages\django\db\backends\postgresql\creation.py first seen with mtime 1737364401.219336
File C:\Users\DELL\Envs\test\Lib\site-packages\django\utils\decorators.py first seen with mtime 1737364401.5418737
File C:\Users\DELL\Envs\test\Lib\site-packages\ckeditor_uploader\utils.py first seen with mtime 1738057669.0176415
File C:\Users\DELL\AppData\Local\Programs\Python\Python311\Lib\re\_casefix.py first seen with mtime 1692869352.0
File C:\Users\DELL\Envs\test\Lib\site-packages\django\contrib\staticfiles\management\commands\runserver.py first seen with mtime 1737364400.9697819
File C:\Users\DELL\AppData\Local\Programs\Python\Python311\Lib\asyncio\locks.py first seen with mtime 1692869350.0
File C:\Users\DELL\AppData\Local\Programs\Python\Python311\Lib\platform.py first seen with mtime 1692869352.0
File C:\Users\DELL\Envs\test\Lib\site-packages\django\contrib\contenttypes\forms.py first seen with mtime 1737364397.0920665
File C:\Users\DELL\Envs\test\Lib\site-packages\ckeditor_uploader\urls.py first seen with mtime 1738057669.0166416
File C:\Users\DELL\AppData\Local\Programs\Python\Python311\Lib\urllib\request.py first seen with mtime 1692869352.0
File C:\Users\DELL\AppData\Local\Programs\Python\Python311\Lib\quopri.py first seen with mtime 1692869352.0
File C:\Users\DELL\Envs\test\Lib\site-packages\django\db\backends\postgresql\schema.py first seen with mtime 1737364401.2473102
File C:\Users\DELL\Envs\test\Lib\site-packages\django\db\models\fields\related_lookups.py first seen with mtime 1737364401.3395615
File C:\Users\DELL\AppData\Local\Programs\Python\Python311\Lib\_weakrefset.py first seen with mtime 1692869350.0
File C:\Users\DELL\AppData\Local\Programs\Python\Python311\Lib\re\_constants.py first seen with mtime 1692869352.0
File C:\Users\DELL\Envs\test\Lib\site-packages\django\contrib\admin\templatetags\admin_list.py first seen with mtime 1737364396.472366
File C:\Users\DELL\AppData\Local\Programs\Python\Python311\Lib\email\_encoded_words.py first seen with mtime 1692869350.0
File C:\Users\DELL\Envs\test\Lib\site-packages\django\db\backends\base\schema.py first seen with mtime 1737364401.1583931
File C:\Users\DELL\Envs\test\Lib\site-packages\django\conf\locale\__init__.py first seen with mtime 1737364395.2804382
File C:\Users\DELL\Envs\test\Lib\site-packages\django\forms\forms.py first seen with mtime 1737364401.3630424
File C:\Users\DELL\AppData\Local\Programs\Python\Python311\Lib\keyword.py first seen with mtime 1692869352.0
File C:\Users\DELL\Envs\test\Lib\site-packages\sqlparse\engine\grouping.py first seen with mtime 1737364394.4537778
File C:\Users\DELL\Envs\test\Lib\site-packages\ckeditor_uploader\backends\dummy_backend.py first seen with mtime 1738057669.0307665
File C:\Users\DELL\projects\telusko\manage.py first seen with mtime 1737364903.9020057
File C:\Users\DELL\Envs\test\Lib\site-packages\django\contrib\staticfiles\finders.py first seen with mtime 1737364400.9557955
File C:\Users\DELL\Envs\test\Lib\site-packages\django\core\checks\registry.py first seen with mtime 1737364401.0325103
File C:\Users\DELL\Envs\test\Lib\site-packages\_virtualenv.py first seen with mtime 1737364162.5041256
File C:\Users\DELL\projects\telusko\telusko\settings.py first seen with mtime 1738577468.743836
File C:\Users\DELL\AppData\Local\Programs\Python\Python311\Lib\opcode.py first seen with mtime 1692869352.0
File C:\Users\DELL\AppData\Local\Programs\Python\Python311\Lib\zoneinfo\_tzpath.py first seen with mtime 1692869352.0
File C:\Users\DELL\AppData\Local\Programs\Python\Python311\DLLs\_ctypes.pyd first seen with mtime 1692869398.0
File C:\Users\DELL\AppData\Local\Programs\Python\Python311\Lib\hashlib.py first seen with mtime 1692869350.0
File C:\Users\DELL\AppData\Local\Programs\Python\Python311\Lib\lzma.py first seen with mtime 1692869352.0
File C:\Users\DELL\Envs\test\Lib\site-packages\django\contrib\admin\exceptions.py first seen with mtime 1737364395.744396
File C:\Users\DELL\Envs\test\Lib\site-packages\django\templatetags\cache.py first seen with mtime 1737364401.5069065
File C:\Users\DELL\Envs\test\Lib\site-packages\django\db\models\base.py first seen with mtime 1737364401.3092518
File C:\Users\DELL\Envs\test\Lib\site-packages\django\middleware\security.py first seen with mtime 1737364401.4789312
File C:\Users\DELL\Envs\test\Lib\site-packages\django\db\models\sql\query.py first seen with mtime 1737364401.355047
File C:\Users\DELL\Envs\test\Lib\site-packages\django\utils\deconstruct.py first seen with mtime 1737364401.5408745
File C:\Users\DELL\AppData\Local\Programs\Python\Python311\Lib\re\_parser.py first seen with mtime 1692869352.0
File C:\Users\DELL\Envs\test\Lib\site-packages\django\template\smartif.py first seen with mtime 1737364401.4939175
File C:\Users\DELL\AppData\Local\Programs\Python\Python311\Lib\encodings\aliases.py first seen with mtime 1692869350.0
File C:\Users\DELL\AppData\Local\Programs\Python\Python311\DLLs\_ssl.pyd first seen with mtime 1692869400.0
File C:\Users\DELL\Envs\test\Lib\site-packages\django\dispatch\dispatcher.py first seen with mtime 1737364401.358045
File C:\Users\DELL\AppData\Local\Programs\Python\Python311\DLLs\_hashlib.pyd first seen with mtime 1692869400.0
File C:\Users\DELL\Envs\test\Lib\site-packages\django\db\models\sql\where.py first seen with mtime 1737364401.3560615
File C:\Users\DELL\Envs\test\Lib\site-packages\ckeditor_uploader\views.py first seen with mtime 1738057669.0257654
File C:\Users\DELL\Envs\test\Lib\site-packages\django\contrib\auth\signals.py first seen with mtime 1737364396.7503846
File C:\Users\DELL\AppData\Local\Programs\Python\Python311\Lib\zoneinfo\__init__.py first seen with mtime 1692869352.0
File C:\Users\DELL\AppData\Local\Programs\Python\Python311\Lib\textwrap.py first seen with mtime 1692869352.0
File C:\Users\DELL\Envs\test\Lib\site-packages\django\core\signals.py first seen with mtime 1737364400.9817717
File C:\Users\DELL\Envs\test\Lib\site-packages\django\http\request.py first seen with mtime 1737364401.469941
File C:\Users\DELL\Envs\test\Lib\site-packages\django\core\cache\backends\locmem.py first seen with mtime 1737364400.998755
File C:\Users\DELL\Envs\test\Lib\site-packages\django\contrib\sessions\base_session.py first seen with mtime 1737364400.1971717
File C:\Users\DELL\AppData\Local\Programs\Python\Python311\Lib\email\mime\base.py first seen with mtime 1692869350.0
File C:\Users\DELL\AppData\Local\Programs\Python\Python311\Lib\bisect.py first seen with mtime 1692869350.0
File C:\Users\DELL\Envs\test\Lib\site-packages\django\core\handlers\exception.py first seen with mtime 1737364401.070474
File C:\Users\DELL\AppData\Local\Programs\Python\Python311\Lib\struct.py first seen with mtime 1692869352.0
File C:\Users\DELL\Envs\test\Lib\site-packages\django\utils\_os.py first seen with mtime 1737364401.5288854
File C:\Users\DELL\Envs\test\Lib\site-packages\django\utils\deprecation.py first seen with mtime 1737364401.542873
File C:\Users\DELL\Envs\test\Lib\site-packages\django\utils\dateformat.py first seen with mtime 1737364401.538877
File C:\Users\DELL\Envs\test\Lib\site-packages\django\contrib\admin\helpers.py first seen with mtime 1737364395.748393
File C:\Users\DELL\AppData\Local\Programs\Python\Python311\Lib\logging\handlers.py first seen with mtime 1692869352.0
File C:\Users\DELL\Envs\test\Lib\site-packages\django\template\loaders\app_directories.py first seen with mtime 1737364401.5029104
File C:\Users\DELL\AppData\Local\Programs\Python\Python311\Lib\warnings.py first seen with mtime 1692869352.0
File C:\Users\DELL\Envs\test\Lib\site-packages\django\conf\global_settings.py first seen with mtime 1737364395.2740128
File C:\Users\DELL\AppData\Local\Programs\Python\Python311\Lib\ctypes\__init__.py first seen with mtime 1692869350.0
File C:\Users\DELL\AppData\Local\Programs\Python\Python311\Lib\email\mime\multipart.py first seen with mtime 1692869350.0
File C:\Users\DELL\Envs\test\Lib\site-packages\django\forms\boundfield.py first seen with mtime 1737364401.3600438
File C:\Users\DELL\Envs\test\Lib\site-packages\django\template\loaders\filesystem.py first seen with mtime 1737364401.5049086
File C:\Users\DELL\Envs\test\Lib\site-packages\django\db\backends\__init__.py first seen with mtime 1737364401.1464045
File C:\Users\DELL\Envs\test\Lib\site-packages\django\contrib\messages\api.py first seen with mtime 1737364399.359993
File C:\Users\DELL\Envs\test\Lib\site-packages\django\core\serializers\python.py first seen with mtime 1737364401.135414
File C:\Users\DELL\Envs\test\Lib\site-packages\django\utils\http.py first seen with mtime 1737364401.5518627
File C:\Users\DELL\Envs\test\Lib\site-packages\django\utils\module_loading.py first seen with mtime 1737364401.5568588
File C:\Users\DELL\AppData\Local\Programs\Python\Python311\Lib\re\__init__.py first seen with mtime 1692869352.0
File C:\Users\DELL\AppData\Local\Programs\Python\Python311\Lib\importlib\__init__.py first seen with mtime 1692869352.0
File C:\Users\DELL\Envs\test\Lib\site-packages\django\template\loaders\base.py first seen with mtime 1737364401.5029104
File C:\Users\DELL\Envs\test\Lib\site-packages\django\contrib\admin\filters.py first seen with mtime 1737364395.7453961
File C:\Users\DELL\AppData\Local\Programs\Python\Python311\Lib\linecache.py first seen with mtime 1692869352.0
File C:\Users\DELL\AppData\Local\Programs\Python\Python311\Lib\collections\abc.py first seen with mtime 1692869350.0
File C:\Users\DELL\projects\telusko\travello\middleware.py first seen with mtime 1738577540.747903
File C:\Users\DELL\Envs\test\Lib\site-packages\django\db\models\lookups.py first seen with mtime 1737364401.3182437
File C:\Users\DELL\Envs\test\Lib\site-packages\django\contrib\auth\backends.py first seen with mtime 1737364396.7353983
File C:\Users\DELL\Envs\test\Lib\site-packages\django\utils\termcolors.py first seen with mtime 1737364401.5598562
File C:\Users\DELL\Envs\test\Lib\site-packages\asgiref\sync.py first seen with mtime 1737364394.996271
File C:\Users\DELL\Envs\test\Lib\site-packages\django\utils\autoreload.py first seen with mtime 1737364401.5328834
File C:\Users\DELL\Envs\test\Lib\site-packages\ckeditor\configs.py first seen with mtime 1738057667.511967
File C:\Users\DELL\Envs\test\Lib\site-packages\sqlparse\utils.py first seen with mtime 1737364394.448782
File C:\Users\DELL\AppData\Local\Programs\Python\Python311\Lib\getpass.py first seen with mtime 1692869350.0
File C:\Users\DELL\Envs\test\Lib\site-packages\django\core\management\color.py first seen with mtime 1737364401.0884583
File C:\Users\DELL\Envs\test\Lib\site-packages\django\contrib\admin\templatetags\__init__.py first seen with mtime 1737364396.4709532
File C:\Users\DELL\Envs\test\Lib\site-packages\django\db\__init__.py first seen with mtime 1737364401.141409
File C:\Users\DELL\Envs\test\Lib\site-packages\django\contrib\staticfiles\handlers.py first seen with mtime 1737364400.9577944
File C:\Users\DELL\AppData\Local\Programs\Python\Python311\Lib\email\mime\text.py first seen with mtime 1692869350.0
File C:\Users\DELL\Envs\test\Lib\site-packages\django\contrib\auth\tokens.py first seen with mtime 1737364396.7513847
File C:\Users\DELL\Envs\test\Lib\site-packages\PIL\ExifTags.py first seen with mtime 1737623534.403029
File C:\Users\DELL\Envs\test\Lib\site-packages\django\template\backends\__init__.py first seen with mtime 1737364401.4949162
File C:\Users\DELL\Envs\test\Lib\site-packages\django\db\models\fields\related_descriptors.py first seen with mtime 1737364401.3385627
File C:\Users\DELL\Envs\test\Lib\site-packages\django\core\management\commands\runserver.py first seen with mtime 1737364401.1144347
File C:\Users\DELL\AppData\Local\Programs\Python\Python311\Lib\glob.py first seen with mtime 1692869350.0
File C:\Users\DELL\Envs\test\Lib\site-packages\django\contrib\auth\views.py first seen with mtime 1737364396.7543817
File C:\Users\DELL\AppData\Local\Programs\Python\Python311\Lib\asyncio\selector_events.py first seen with mtime 1692869350.0
File C:\Users\DELL\AppData\Local\Programs\Python\Python311\Lib\collections\__init__.py first seen with mtime 1692869350.0
File C:\Users\DELL\Envs\test\Lib\site-packages\django\contrib\auth\validators.py first seen with mtime 1737364396.7533824
File C:\Users\DELL\Envs\test\Lib\site-packages\django\urls\converters.py first seen with mtime 1737364401.5248895
File C:\Users\DELL\Envs\test\Lib\site-packages\django\urls\exceptions.py first seen with mtime 1737364401.5258882
File C:\Users\DELL\Envs\test\Lib\site-packages\django\views\decorators\csrf.py first seen with mtime 1737364401.5829453
File C:\Users\DELL\Envs\test\Lib\site-packages\django\dispatch\__init__.py first seen with mtime 1737364401.3570454
File C:\Users\DELL\Envs\test\Lib\site-packages\django\db\migrations\exceptions.py first seen with mtime 1737364401.264295
File C:\Users\DELL\Envs\test\Lib\site-packages\django\core\validators.py first seen with mtime 1737364400.9847686
File C:\Users\DELL\Envs\test\Lib\site-packages\django\db\models\functions\datetime.py first seen with mtime 1737364401.3425586
File C:\Users\DELL\AppData\Local\Programs\Python\Python311\Lib\_compat_pickle.py first seen with mtime 1692869350.0
File C:\Users\DELL\Envs\test\Lib\site-packages\PIL\_imaging.cp311-win_amd64.pyd first seen with mtime 1737623534.67178
File C:\Users\DELL\Envs\test\Lib\site-packages\django\utils\__init__.py first seen with mtime 1737364401.5278864
File C:\Users\DELL\Envs\test\Lib\site-packages\django\contrib\admin\utils.py first seen with mtime 1737364395.7563853
File C:\Users\DELL\Envs\test\Lib\site-packages\django\contrib\contenttypes\fields.py first seen with mtime 1737364397.0910676
File C:\Users\DELL\Envs\test\Lib\site-packages\django\contrib\sessions\models.py first seen with mtime 1737364400.2001688
File C:\Users\DELL\AppData\Local\Programs\Python\Python311\Lib\http\client.py first seen with mtime 1692869350.0
File C:\Users\DELL\Envs\test\Lib\site-packages\django\contrib\staticfiles\views.py first seen with mtime 1737364400.9647875
File C:\Users\DELL\Envs\test\Lib\site-packages\django\core\handlers\__init__.py first seen with mtime 1737364401.0664787
File C:\Users\DELL\AppData\Local\Programs\Python\Python311\Lib\json\encoder.py first seen with mtime 1692869352.0
File C:\Users\DELL\AppData\Local\Programs\Python\Python311\Lib\ast.py first seen with mtime 1692869350.0
File C:\Users\DELL\AppData\Local\Programs\Python\Python311\Lib\asyncio\trsock.py first seen with mtime 1692869350.0
File C:\Users\DELL\Envs\test\Lib\site-packages\django\db\backends\base\validation.py first seen with mtime 1737364401.1593924
File C:\Users\DELL\Envs\test\Lib\site-packages\django\template\response.py first seen with mtime 1737364401.4929183
File C:\Users\DELL\AppData\Local\Programs\Python\Python311\Lib\zoneinfo\_common.py first seen with mtime 1692869352.0
File C:\Users\DELL\Envs\test\Lib\site-packages\django\core\files\storage\__init__.py first seen with mtime 1737364401.056488
File C:\Users\DELL\Envs\test\Lib\site-packages\django\utils\inspect.py first seen with mtime 1737364401.5518627
File C:\Users\DELL\AppData\Local\Programs\Python\Python311\Lib\importlib\_abc.py first seen with mtime 1692869352.0
File C:\Users\DELL\Envs\test\Lib\site-packages\django\contrib\__init__.py first seen with mtime 1737364395.7354047
File C:\Users\DELL\Envs\test\Lib\site-packages\django\core\files\images.py first seen with mtime 1737364401.0474963
File C:\Users\DELL\Envs\test\Lib\site-packages\django\core\checks\security\csrf.py first seen with mtime 1737364401.0405023
File C:\Users\DELL\Envs\test\Lib\site-packages\django\forms\fields.py first seen with mtime 1737364401.3610413
File C:\Users\DELL\Envs\test\Lib\site-packages\django\shortcuts.py first seen with mtime 1737364395.2680187
File C:\Users\DELL\Envs\test\Lib\site-packages\django\views\generic\__init__.py first seen with mtime 1737364401.5889392
File C:\Users\DELL\Envs\test\Lib\site-packages\sqlparse\tokens.py first seen with mtime 1737364394.4477825
File C:\Users\DELL\Envs\test\Lib\site-packages\django\apps\registry.py first seen with mtime 1737364395.2720144
File C:\Users\DELL\Envs\test\Lib\site-packages\django\core\checks\compatibility\__init__.py first seen with mtime 1737364401.0365071
File C:\Users\DELL\Envs\test\Lib\site-packages\django\contrib\contenttypes\management\__init__.py first seen with mtime 1737364397.4550273
File C:\Users\DELL\Envs\test\Lib\site-packages\django\db\models\fields\reverse_related.py first seen with mtime 1737364401.3395615
File C:\Users\DELL\Envs\test\Lib\site-packages\django\utils\translation\reloader.py first seen with mtime 1737364401.5698473
File C:\Users\DELL\AppData\Local\Programs\Python\Python311\Lib\argparse.py first seen with mtime 1692869350.0
File C:\Users\DELL\Envs\test\Lib\site-packages\django\contrib\auth\management\__init__.py first seen with mtime 1737364397.0640926
File C:\Users\DELL\AppData\Local\Programs\Python\Python311\DLLs\select.pyd first seen with mtime 1692869398.0
File C:\Users\DELL\Envs\test\Lib\site-packages\django\template\library.py first seen with mtime 1737364401.489921
File C:\Users\DELL\projects\telusko\accounts\urls.py first seen with mtime 1737972169.5895603
File C:\Users\DELL\Envs\test\Lib\site-packages\psycopg2\extras.py first seen with mtime 1737622917.0402293
File C:\Users\DELL\AppData\Local\Programs\Python\Python311\Lib\fnmatch.py first seen with mtime 1692869350.0
File C:\Users\DELL\Envs\test\Lib\site-packages\django\utils\timezone.py first seen with mtime 1737364401.562853
File C:\Users\DELL\AppData\Local\Programs\Python\Python311\Lib\logging\config.py first seen with mtime 1692869352.0
File C:\Users\DELL\AppData\Local\Programs\Python\Python311\Lib\sysconfig.py first seen with mtime 1692869352.0
File C:\Users\DELL\AppData\Local\Programs\Python\Python311\Lib\graphlib.py first seen with mtime 1692869350.0
File C:\Users\DELL\Envs\test\Lib\site-packages\django\contrib\admin\templatetags\log.py first seen with mtime 1737364396.476632
File C:\Users\DELL\Envs\test\Lib\site-packages\django\forms\renderers.py first seen with mtime 1737364401.3680344
File C:\Users\DELL\Envs\test\Lib\site-packages\django\template\defaultfilters.py first seen with mtime 1737364401.4869242
File C:\Users\DELL\Envs\test\Lib\site-packages\django\conf\__init__.py first seen with mtime 1737364395.2730153
File C:\Users\DELL\Envs\test\Lib\site-packages\django\db\migrations\operations\models.py first seen with mtime 1737364401.305255
File C:\Users\DELL\AppData\Local\Programs\Python\Python311\Lib\tokenize.py first seen with mtime 1692869352.0
File C:\Users\DELL\Envs\test\Lib\site-packages\django\contrib\auth\checks.py first seen with mtime 1737364396.738396
File C:\Users\DELL\AppData\Local\Programs\Python\Python311\Lib\wsgiref\util.py first seen with mtime 1692869352.0
File C:\Users\DELL\AppData\Local\Programs\Python\Python311\Lib\gzip.py first seen with mtime 1692869350.0
File C:\Users\DELL\AppData\Local\Programs\Python\Python311\Lib\asyncio\futures.py first seen with mtime 1692869350.0
File C:\Users\DELL\Envs\test\Lib\site-packages\django\core\wsgi.py first seen with mtime 1737364400.9857683
File C:\Users\DELL\Envs\test\Lib\site-packages\django\contrib\staticfiles\apps.py first seen with mtime 1737364400.9537969
File C:\Users\DELL\Envs\test\Lib\site-packages\django\core\checks\database.py first seen with mtime 1737364401.0057492
File C:\Users\DELL\AppData\Local\Programs\Python\Python311\Lib\pickle.py first seen with mtime 1692869352.0
File C:\Users\DELL\AppData\Local\Programs\Python\Python311\Lib\asyncio\transports.py first seen with mtime 1692869350.0
File C:\Users\DELL\Envs\test\Lib\site-packages\django\db\models\fields\related.py first seen with mtime 1737364401.3365705
File C:\Users\DELL\Envs\test\Lib\site-packages\django\forms\utils.py first seen with mtime 1737364401.3690338
File C:\Users\DELL\AppData\Local\Programs\Python\Python311\Lib\http\__init__.py first seen with mtime 1692869350.0
File C:\Users\DELL\Envs\test\Lib\site-packages\django\core\checks\compatibility\django_4_0.py first seen with mtime 1737364401.0375056
File C:\Users\DELL\Envs\test\Lib\site-packages\ckeditor_uploader\widgets.py first seen with mtime 1738057669.027768
File C:\Users\DELL\Envs\test\Lib\site-packages\django\contrib\sessions\apps.py first seen with mtime 1737364400.1961732
File C:\Users\DELL\AppData\Local\Programs\Python\Python311\Lib\asyncio\tasks.py first seen with mtime 1692869350.0
File C:\Users\DELL\Envs\test\Lib\site-packages\django\contrib\staticfiles\checks.py first seen with mtime 1737364400.9547963
File C:\Users\DELL\Envs\test\Lib\site-packages\django\utils\log.py first seen with mtime 1737364401.5558593
File C:\Users\DELL\AppData\Local\Programs\Python\Python311\Lib\typing.py first seen with mtime 1692869352.0
File C:\Users\DELL\Envs\test\Lib\site-packages\django\core\checks\security\sessions.py first seen with mtime 1737364401.0425017
File C:\Users\DELL\Envs\test\Lib\site-packages\django\db\backends\postgresql\client.py first seen with mtime 1737364401.2183366
File C:\Users\DELL\AppData\Local\Programs\Python\Python311\Lib\calendar.py first seen with mtime 1692869350.0
File C:\Users\DELL\AppData\Local\Programs\Python\Python311\Lib\heapq.py first seen with mtime 1692869350.0
File C:\Users\DELL\Envs\test\Lib\site-packages\django\contrib\admin\templatetags\admin_modify.py first seen with mtime 1737364396.473371
File C:\Users\DELL\Envs\test\Lib\site-packages\django\db\backends\base\client.py first seen with mtime 1737364401.1523979
File C:\Users\DELL\Envs\test\Lib\site-packages\django\db\models\functions\mixins.py first seen with mtime 1737364401.3445573
File C:\Users\DELL\Envs\test\Lib\site-packages\django\db\models\fields\proxy.py first seen with mtime 1737364401.3355665
File C:\Users\DELL\AppData\Local\Programs\Python\Python311\DLLs\_lzma.pyd first seen with mtime 1692869400.0
File C:\Users\DELL\Envs\test\Lib\site-packages\_distutils_hack\__init__.py first seen with mtime 1737364174.475964
File C:\Users\DELL\projects\telusko\travello\views.py first seen with mtime 1738577276.3508594
File C:\Users\DELL\AppData\Local\Programs\Python\Python311\Lib\asyncio\streams.py first seen with mtime 1692869350.0
File C:\Users\DELL\Envs\test\Lib\site-packages\django\db\models\constraints.py first seen with mtime 1737364401.3102517
File C:\Users\DELL\AppData\Local\Programs\Python\Python311\Lib\shutil.py first seen with mtime 1692869352.0
File C:\Users\DELL\projects\telusko\accounts\views.py first seen with mtime 1738573905.4581764
File C:\Users\DELL\Envs\test\Lib\site-packages\django\views\generic\edit.py first seen with mtime 1737364401.5936112
File C:\Users\DELL\Envs\test\Lib\site-packages\django\utils\crypto.py first seen with mtime 1737364401.5378773
File C:\Users\DELL\Envs\test\Lib\site-packages\asgiref\current_thread_executor.py first seen with mtime 1737364394.9912765
File C:\Users\DELL\AppData\Local\Programs\Python\Python311\Lib\_compression.py first seen with mtime 1692869350.0
File C:\Users\DELL\AppData\Local\Programs\Python\Python311\Lib\email\encoders.py first seen with mtime 1692869350.0
File C:\Users\DELL\AppData\Local\Programs\Python\Python311\Lib\contextlib.py first seen with mtime 1692869350.0
File C:\Users\DELL\AppData\Local\Programs\Python\Python311\Lib\email\quoprimime.py first seen with mtime 1692869350.0
File C:\Users\DELL\AppData\Local\Programs\Python\Python311\Lib\tempfile.py first seen with mtime 1692869352.0
File C:\Users\DELL\AppData\Local\Programs\Python\Python311\Lib\wsgiref\handlers.py first seen with mtime 1692869352.0
File C:\Users\DELL\Envs\test\Lib\site-packages\django\urls\utils.py first seen with mtime 1737364401.526887
File C:\Users\DELL\Envs\test\Lib\site-packages\django\db\migrations\utils.py first seen with mtime 1737364401.2762833
File C:\Users\DELL\Envs\test\Lib\site-packages\django\http\cookie.py first seen with mtime 1737364401.465945
File C:\Users\DELL\Envs\test\Lib\site-packages\django\core\cache\backends\base.py first seen with mtime 1737364400.9907632
File C:\Users\DELL\Envs\test\Lib\site-packages\sqlparse\exceptions.py first seen with mtime 1737364394.4417884
File C:\Users\DELL\Envs\test\Lib\site-packages\django\contrib\staticfiles\__init__.py first seen with mtime 1737364400.9527977
File C:\Users\DELL\Envs\test\Lib\site-packages\django\core\mail\message.py first seen with mtime 1737364401.0734718
File C:\Users\DELL\Envs\test\Lib\site-packages\django\contrib\messages\utils.py first seen with mtime 1737364399.3659885
File C:\Users\DELL\AppData\Local\Programs\Python\Python311\Lib\asyncio\base_subprocess.py first seen with mtime 1692869350.0
File C:\Users\DELL\Envs\test\Lib\site-packages\django\utils\dateparse.py first seen with mtime 1737364401.5398757
File C:\Users\DELL\Envs\test\Lib\site-packages\django\core\checks\security\base.py first seen with mtime 1737364401.0395043
File C:\Users\DELL\AppData\Local\Programs\Python\Python311\Lib\threading.py first seen with mtime 1692869352.0
File C:\Users\DELL\Envs\test\Lib\site-packages\django\core\checks\async_checks.py first seen with mtime 1737364401.003752
File C:\Users\DELL\Envs\test\Lib\site-packages\django\db\models\sql\constants.py first seen with mtime 1737364401.3520439
File C:\Users\DELL\Envs\test\Lib\site-packages\django\core\serializers\__init__.py first seen with mtime 1737364401.1304204
File C:\Users\DELL\Envs\test\Lib\site-packages\django\contrib\sessions\__init__.py first seen with mtime 1737364400.193176
File C:\Users\DELL\Envs\test\Lib\site-packages\PIL\_deprecate.py first seen with mtime 1737623534.6148324
File C:\Users\DELL\AppData\Local\Programs\Python\Python311\Lib\inspect.py first seen with mtime 1692869352.0
File C:\Users\DELL\AppData\Local\Programs\Python\Python311\Lib\enum.py first seen with mtime 1692869350.0
File C:\Users\DELL\Envs\test\Lib\site-packages\django\utils\numberformat.py first seen with mtime 1737364401.557858
File C:\Users\DELL\Envs\test\Lib\site-packages\django\core\cache\backends\filebased.py first seen with mtime 1737364400.9977572
File C:\Users\DELL\Envs\test\Lib\site-packages\django\contrib\sessions\backends\__init__.py first seen with mtime 1737364400.2021668
File C:\Users\DELL\Envs\test\Lib\site-packages\django\utils\choices.py first seen with mtime 1737364401.5358791
File C:\Users\DELL\Envs\test\Lib\site-packages\django\db\backends\postgresql\__init__.py first seen with mtime 1737364401.2163393
File C:\Users\DELL\Envs\test\Lib\site-packages\django\views\decorators\common.py first seen with mtime 1737364401.5809474
File C:\Users\DELL\Envs\test\Lib\site-packages\django\core\checks\files.py first seen with mtime 1737364401.0067477
File C:\Users\DELL\Envs\test\Lib\site-packages\django\db\backends\base\__init__.py first seen with mtime 1737364401.1504
File C:\Users\DELL\Envs\test\Lib\site-packages\django\db\models\fields\files.py first seen with mtime 1737364401.326236
File C:\Users\DELL\Envs\test\Lib\site-packages\django\template\loader_tags.py first seen with mtime 1737364401.4919202
File C:\Users\DELL\Envs\test\Lib\site-packages\django\core\files\__init__.py first seen with mtime 1737364401.0435
File C:\Users\DELL\AppData\Local\Programs\Python\Python311\Lib\decimal.py first seen with mtime 1692869350.0
File C:\Users\DELL\Envs\test\Lib\site-packages\psycopg2\_range.py first seen with mtime 1737622917.0362346
File C:\Users\DELL\Envs\test\Lib\site-packages\PIL\ImageMode.py first seen with mtime 1737623534.4739635
File C:\Users\DELL\AppData\Local\Programs\Python\Python311\Lib\email\feedparser.py first seen with mtime 1692869350.0
File C:\Users\DELL\Envs\test\Lib\site-packages\django\urls\base.py first seen with mtime 1737364401.522891
File C:\Users\DELL\AppData\Local\Programs\Python\Python311\Lib\random.py first seen with mtime 1692869352.0
File C:\Users\DELL\Envs\test\Lib\site-packages\django\utils\hashable.py first seen with mtime 1737364401.5488672
File C:\Users\DELL\Envs\test\Lib\site-packages\django\utils\tree.py first seen with mtime 1737364401.5648527
File C:\Users\DELL\AppData\Local\Programs\Python\Python311\Lib\urllib\error.py first seen with mtime 1692869352.0
File C:\Users\DELL\AppData\Local\Programs\Python\Python311\Lib\types.py first seen with mtime 1692869352.0
File C:\Users\DELL\AppData\Local\Programs\Python\Python311\Lib\dis.py first seen with mtime 1692869350.0
File C:\Users\DELL\Envs\test\Lib\site-packages\django\core\paginator.py first seen with mtime 1737364400.9797752
File C:\Users\DELL\Envs\test\Lib\site-packages\django\core\files\uploadhandler.py first seen with mtime 1737364401.053492
File C:\Users\DELL\Envs\test\Lib\site-packages\django\core\cache\utils.py first seen with mtime 1737364400.9887655
File C:\Users\DELL\Envs\test\Lib\site-packages\django\contrib\admin\views\decorators.py first seen with mtime 1737364396.4786305
File C:\Users\DELL\Envs\test\Lib\site-packages\js_asset\__init__.py first seen with mtime 1738057667.4367478
File C:\Users\DELL\AppData\Local\Programs\Python\Python311\Lib\secrets.py first seen with mtime 1692869352.0
File C:\Users\DELL\Envs\test\Lib\site-packages\ckeditor\apps.py first seen with mtime 1738057667.5109684
File C:\Users\DELL\AppData\Local\Programs\Python\Python311\Lib\email\__init__.py first seen with mtime 1692869350.0
File C:\Users\DELL\AppData\Local\Programs\Python\Python311\Lib\weakref.py first seen with mtime 1692869352.0
File C:\Users\DELL\AppData\Local\Programs\Python\Python311\Lib\email\parser.py first seen with mtime 1692869350.0
File C:\Users\DELL\Envs\test\Lib\site-packages\django\contrib\messages\storage\__init__.py first seen with mtime 1737364399.3689857
File C:\Users\DELL\Envs\test\Lib\site-packages\django\db\migrations\operations\__init__.py first seen with mtime 1737364401.281279
File C:\Users\DELL\Envs\test\Lib\site-packages\django\template\autoreload.py first seen with mtime 1737364401.4819286
File C:\Users\DELL\AppData\Local\Programs\Python\Python311\Lib\bz2.py first seen with mtime 1692869350.0
File C:\Users\DELL\Envs\test\Lib\site-packages\django\core\files\move.py first seen with mtime 1737364401.0494947
File C:\Users\DELL\Envs\test\Lib\site-packages\asgiref\local.py first seen with mtime 1737364394.992277
File C:\Users\DELL\Envs\test\Lib\site-packages\django\core\checks\urls.py first seen with mtime 1737364401.0355074
File C:\Users\DELL\AppData\Local\Programs\Python\Python311\Lib\json\__init__.py first seen with mtime 1692869352.0
File C:\Users\DELL\Envs\test\Lib\site-packages\django\core\checks\caches.py first seen with mtime 1737364401.0047512
File C:\Users\DELL\Envs\test\Lib\site-packages\django\contrib\sessions\middleware.py first seen with mtime 1737364400.1991696
File C:\Users\DELL\Envs\test\Lib\site-packages\django\db\backends\postgresql\features.py first seen with mtime 1737364401.2203362
File C:\Users\DELL\Envs\test\Lib\site-packages\django\views\decorators\cache.py first seen with mtime 1737364401.5789487
File C:\Users\DELL\AppData\Local\Programs\Python\Python311\Lib\json\scanner.py first seen with mtime 1692869352.0
File C:\Users\DELL\Envs\test\Lib\site-packages\django\core\management\__init__.py first seen with mtime 1737364401.0864596
File C:\Users\DELL\AppData\Local\Programs\Python\Python311\Lib\selectors.py first seen with mtime 1692869352.0
File C:\Users\DELL\Envs\test\Lib\site-packages\django\contrib\auth\decorators.py first seen with mtime 1737364396.7413933
File C:\Users\DELL\AppData\Local\Programs\Python\Python311\Lib\concurrent\futures\_base.py first seen with mtime 1692869350.0
File C:\Users\DELL\Envs\test\Lib\site-packages\django\db\models\options.py first seen with mtime 1737364401.321241
File C:\Users\DELL\Envs\test\Lib\site-packages\django\db\backends\base\features.py first seen with mtime 1737364401.1553955
File C:\Users\DELL\Envs\test\Lib\site-packages\django\core\files\storage\memory.py first seen with mtime 1737364401.0634835
File C:\Users\DELL\Envs\test\Lib\site-packages\django\core\mail\utils.py first seen with mtime 1737364401.074472
File C:\Users\DELL\Envs\test\Lib\site-packages\ckeditor_uploader\forms.py first seen with mtime 1738057669.0156424
File C:\Users\DELL\Envs\test\Lib\site-packages\django\__init__.py first seen with mtime 1737364395.2660222
File C:\Users\DELL\Envs\test\Lib\site-packages\django\db\models\deletion.py first seen with mtime 1737364401.3112497
File C:\Users\DELL\projects\telusko\accounts\__init__.py first seen with mtime 1737631553.1957307
File C:\Users\DELL\AppData\Local\Programs\Python\Python311\Lib\ssl.py first seen with mtime 1692869352.0
File C:\Users\DELL\AppData\Local\Programs\Python\Python311\Lib\email\message.py first seen with mtime 1692869350.0
File C:\Users\DELL\Envs\test\Lib\site-packages\django\template\__init__.py first seen with mtime 1737364401.480931
File C:\Users\DELL\AppData\Local\Programs\Python\Python311\Lib\asyncio\proactor_events.py first seen with mtime 1692869350.0
File C:\Users\DELL\AppData\Local\Programs\Python\Python311\Lib\locale.py first seen with mtime 1692869352.0
File C:\Users\DELL\Envs\test\Lib\site-packages\ckeditor\__init__.py first seen with mtime 1738057667.5099654
File C:\Users\DELL\AppData\Local\Programs\Python\Python311\Lib\difflib.py first seen with mtime 1692869350.0
File C:\Users\DELL\Envs\test\Lib\site-packages\django\db\models\fields\generated.py first seen with mtime 1737364401.327235
File C:\Users\DELL\AppData\Local\Programs\Python\Python311\Lib\email\header.py first seen with mtime 1692869350.0
File C:\Users\DELL\Envs\test\Lib\site-packages\django\apps\config.py first seen with mtime 1737364395.2710164
File C:\Users\DELL\AppData\Local\Programs\Python\Python311\Lib\subprocess.py first seen with mtime 1692869352.0
File C:\Users\DELL\Envs\test\Lib\site-packages\django\template\loaders\cached.py first seen with mtime 1737364401.5039093
File C:\Users\DELL\Envs\test\Lib\site-packages\PIL\Image.py first seen with mtime 1737623534.4320033
File C:\Users\DELL\Envs\test\Lib\site-packages\django\contrib\auth\models.py first seen with mtime 1737364396.748388
File C:\Users\DELL\AppData\Local\Programs\Python\Python311\Lib\wsgiref\simple_server.py first seen with mtime 1692869352.0
File C:\Users\DELL\Envs\test\Lib\site-packages\django\templatetags\i18n.py first seen with mtime 1737364401.507904
File C:\Users\DELL\AppData\Local\Programs\Python\Python311\Lib\asyncio\queues.py first seen with mtime 1692869350.0
File C:\Users\DELL\Envs\test\Lib\site-packages\django\template\context.py first seen with mtime 1737364401.4849265
File C:\Users\DELL\Envs\test\Lib\site-packages\sqlparse\filters\tokens.py first seen with mtime 1737364394.4617693
File C:\Users\DELL\AppData\Local\Programs\Python\Python311\Lib\wsgiref\__init__.py first seen with mtime 1692869352.0
File C:\Users\DELL\AppData\Local\Programs\Python\Python311\Lib\asyncio\coroutines.py first seen with mtime 1692869350.0
File C:\Users\DELL\Envs\test\Lib\site-packages\django\utils\safestring.py first seen with mtime 1737364401.5598562
File C:\Users\DELL\Envs\test\Lib\site-packages\django\db\migrations\operations\fields.py first seen with mtime 1737364401.2832768
File C:\Users\DELL\Envs\test\Lib\site-packages\psycopg2\__init__.py first seen with mtime 1737622917.0105932
File C:\Users\DELL\AppData\Local\Programs\Python\Python311\Lib\asyncio\threads.py first seen with mtime 1692869350.0
File C:\Users\DELL\AppData\Local\Programs\Python\Python311\Lib\asyncio\taskgroups.py first seen with mtime 1692869350.0
File C:\Users\DELL\AppData\Local\Programs\Python\Python311\Lib\email\errors.py first seen with mtime 1692869350.0
File C:\Users\DELL\Envs\test\Lib\site-packages\django\utils\dates.py first seen with mtime 1737364401.5408745
File C:\Users\DELL\Envs\test\Lib\site-packages\sqlparse\engine\filter_stack.py first seen with mtime 1737364394.4517798
File C:\Users\DELL\AppData\Local\Programs\Python\Python311\Lib\mimetypes.py first seen with mtime 1692869352.0
File C:\Users\DELL\Envs\test\Lib\site-packages\ckeditor_uploader\backends\pillow_backend.py first seen with mtime 1738057669.0317645
File C:\Users\DELL\AppData\Local\Programs\Python\Python311\DLLs\_queue.pyd first seen with mtime 1692869398.0
File C:\Users\DELL\Envs\test\Lib\site-packages\django\db\models\__init__.py first seen with mtime 1737364401.307257
File C:\Users\DELL\Envs\test\Lib\site-packages\ckeditor\widgets.py first seen with mtime 1738057667.5149636
File C:\Users\DELL\Envs\test\Lib\site-packages\django\db\models\functions\comparison.py first seen with mtime 1737364401.34156
File C:\Users\DELL\Envs\test\Lib\site-packages\django\db\migrations\state.py first seen with mtime 1737364401.2752845
File C:\Users\DELL\Envs\test\Lib\site-packages\django\contrib\sites\requests.py first seen with mtime 1737364400.5854728
File C:\Users\DELL\Envs\test\Lib\site-packages\ckeditor_uploader\__init__.py first seen with mtime 1738057669.012646
File C:\Users\DELL\Envs\test\Lib\site-packages\django\utils\cache.py first seen with mtime 1737364401.534879
File C:\Users\DELL\AppData\Local\Programs\Python\Python311\Lib\email\generator.py first seen with mtime 1692869350.0
File C:\Users\DELL\Envs\test\Lib\site-packages\django\db\models\fields\json.py first seen with mtime 1737364401.333562
File C:\Users\DELL\Envs\test\Lib\site-packages\django\utils\encoding.py first seen with mtime 1737364401.5438716
File C:\Users\DELL\Envs\test\Lib\site-packages\django\middleware\__init__.py first seen with mtime 1737364401.4719396
File C:\Users\DELL\AppData\Local\Programs\Python\Python311\Lib\asyncio\events.py first seen with mtime 1692869350.0
File C:\Users\DELL\AppData\Local\Programs\Python\Python311\Lib\email\_parseaddr.py first seen with mtime 1692869350.0
File C:\Users\DELL\Envs\test\Lib\site-packages\django\core\checks\templates.py first seen with mtime 1737364401.033509
File C:\Users\DELL\AppData\Local\Programs\Python\Python311\Lib\datetime.py first seen with mtime 1692869350.0
File C:\Users\DELL\Envs\test\Lib\site-packages\django\core\files\storage\mixins.py first seen with mtime 1737364401.0654826
File C:\Users\DELL\Envs\test\Lib\site-packages\psycopg2\_ipaddress.py first seen with mtime 1737622917.011597
File C:\Users\DELL\AppData\Local\Programs\Python\Python311\Lib\_markupbase.py first seen with mtime 1692869350.0
File C:\Users\DELL\AppData\Local\Programs\Python\Python311\DLLs\_uuid.pyd first seen with mtime 1692869398.0
File C:\Users\DELL\Envs\test\Lib\site-packages\psycopg2\extensions.py first seen with mtime 1737622917.0392313
File C:\Users\DELL\projects\telusko\travello\urls.py first seen with mtime 1738227860.9544725
File C:\Users\DELL\AppData\Local\Programs\Python\Python311\Lib\urllib\response.py first seen with mtime 1692869352.0
File C:\Users\DELL\Envs\test\Lib\site-packages\django\db\models\sql\datastructures.py first seen with mtime 1737364401.3530488
File C:\Users\DELL\AppData\Local\Programs\Python\Python311\Lib\email\mime\__init__.py first seen with mtime 1692869350.0
File C:\Users\DELL\Envs\test\Lib\site-packages\django\views\generic\dates.py first seen with mtime 1737364401.5909374
File C:\Users\DELL\Envs\test\Lib\site-packages\sqlparse\keywords.py first seen with mtime 1737364394.4437869
File C:\Users\DELL\Envs\test\Lib\site-packages\django\db\backends\base\operations.py first seen with mtime 1737364401.1573946
File C:\Users\DELL\Envs\test\Lib\site-packages\PIL\_version.py first seen with mtime 1737623534.7487085
File C:\Users\DELL\Envs\test\Lib\site-packages\django\template\loader.py first seen with mtime 1737364401.4909198
File C:\Users\DELL\Envs\test\Lib\site-packages\django\contrib\staticfiles\management\__init__.py first seen with mtime 1737364400.9657855
File C:\Users\DELL\Envs\test\Lib\site-packages\django\contrib\auth\apps.py first seen with mtime 1737364396.7344007
File C:\Users\DELL\Envs\test\Lib\site-packages\django\db\models\expressions.py first seen with mtime 1737364401.315247
File C:\Users\DELL\AppData\Local\Programs\Python\Python311\Lib\asyncio\__init__.py first seen with mtime 1692869350.0
File C:\Users\DELL\Envs\test\Lib\site-packages\sqlparse\filters\aligned_indent.py first seen with mtime 1737364394.4567747
File C:\Users\DELL\Envs\test\Lib\site-packages\django\utils\duration.py first seen with mtime 1737364401.5438716
File C:\Users\DELL\AppData\Local\Programs\Python\Python311\Lib\base64.py first seen with mtime 1692869350.0
File C:\Users\DELL\Envs\test\Lib\site-packages\django\db\backends\signals.py first seen with mtime 1737364401.1484025
File C:\Users\DELL\AppData\Local\Programs\Python\Python311\Lib\__future__.py first seen with mtime 1692869350.0
File C:\Users\DELL\AppData\Local\Programs\Python\Python311\Lib\concurrent\futures\__init__.py first seen with mtime 1692869350.0
File C:\Users\DELL\AppData\Local\Programs\Python\Python311\Lib\asyncio\format_helpers.py first seen with mtime 1692869350.0
File C:\Users\DELL\Envs\test\Lib\site-packages\sqlparse\filters\right_margin.py first seen with mtime 1737364394.4607706
File C:\Users\DELL\Envs\test\Lib\site-packages\django\contrib\admin\models.py first seen with mtime 1737364395.7493923
File C:\Users\DELL\Envs\test\Lib\site-packages\django\db\models\query_utils.py first seen with mtime 1737364401.3232398
File C:\Users\DELL\Envs\test\Lib\site-packages\django\db\backends\utils.py first seen with mtime 1737364401.1494017
File C:\Users\DELL\Envs\test\Lib\site-packages\django\contrib\auth\hashers.py first seen with mtime 1737364396.74439
File C:\Users\DELL\AppData\Local\Programs\Python\Python311\Lib\traceback.py first seen with mtime 1692869352.0
File C:\Users\DELL\AppData\Local\Programs\Python\Python311\Lib\asyncio\staggered.py first seen with mtime 1692869350.0
File C:\Users\DELL\Envs\test\Lib\site-packages\django\contrib\admin\views\__init__.py first seen with mtime 1737364396.476632
File C:\Users\DELL\AppData\Local\Programs\Python\Python311\Lib\encodings\utf_8.py first seen with mtime 1692869350.0
File C:\Users\DELL\Envs\test\Lib\site-packages\ckeditor_uploader\backends\__init__.py first seen with mtime 1738057669.0297663
File C:\Users\DELL\Envs\test\Lib\site-packages\PIL\_typing.py first seen with mtime 1737623534.743711
File C:\Users\DELL\AppData\Local\Programs\Python\Python311\Lib\logging\__init__.py first seen with mtime 1692869352.0
File C:\Users\DELL\AppData\Local\Programs\Python\Python311\Lib\email\mime\message.py first seen with mtime 1692869350.0
File C:\Users\DELL\Envs\test\Lib\site-packages\django\contrib\sites\shortcuts.py first seen with mtime 1737364400.5864718
File C:\Users\DELL\Envs\test\Lib\site-packages\django\template\loaders\__init__.py first seen with mtime 1737364401.5019116
File C:\Users\DELL\AppData\Local\Programs\Python\Python311\Lib\contextvars.py first seen with mtime 1692869350.0
File C:\Users\DELL\projects\telusko\travello\models.py first seen with mtime 1738574320.254769
File C:\Users\DELL\Envs\test\Lib\site-packages\django\contrib\messages\constants.py first seen with mtime 1737364399.3619914
File C:\Users\DELL\AppData\Local\Programs\Python\Python311\DLLs\_overlapped.pyd first seen with mtime 1692869398.0
File C:\Users\DELL\projects\telusko\telusko\urls.py first seen with mtime 1738126531.876073
File C:\Users\DELL\Envs\test\Lib\site-packages\asgiref\__init__.py first seen with mtime 1737364394.9892778
File C:\Users\DELL\Envs\test\Lib\site-packages\django\utils\timesince.py first seen with mtime 1737364401.561854
File C:\Users\DELL\Envs\test\Lib\site-packages\django\contrib\admin\views\autocomplete.py first seen with mtime 1737364396.4776313
File C:\Users\DELL\Envs\test\Lib\site-packages\django\core\files\temp.py first seen with mtime 1737364401.0504944
File C:\Users\DELL\Envs\test\Lib\site-packages\psycopg2\errors.py first seen with mtime 1737622917.038232
File C:\Users\DELL\Envs\test\Lib\site-packages\django\forms\formsets.py first seen with mtime 1737364401.3650377
File C:\Users\DELL\AppData\Local\Programs\Python\Python311\Lib\asyncio\sslproto.py first seen with mtime 1692869350.0
File C:\Users\DELL\Envs\test\Lib\site-packages\django\contrib\auth\__init__.py first seen with mtime 1737364396.732404
File C:\Users\DELL\Envs\test\Lib\site-packages\django\db\utils.py first seen with mtime 1737364401.1444058
File C:\Users\DELL\Envs\test\Lib\site-packages\django\core\__init__.py first seen with mtime 1737364400.9737787
File C:\Users\DELL\Envs\test\Lib\site-packages\django\http\response.py first seen with mtime 1737364401.4719396
File C:\Users\DELL\Envs\test\Lib\site-packages\sqlparse\filters\others.py first seen with mtime 1737364394.457774
File C:\Users\DELL\Envs\test\Lib\site-packages\ckeditor_uploader\fields.py first seen with mtime 1738057669.013647
File C:\Users\DELL\AppData\Local\Programs\Python\Python311\Lib\encodings\cp1252.py first seen with mtime 1692869350.0
File C:\Users\DELL\Envs\test\Lib\site-packages\django\contrib\admin\options.py first seen with mtime 1737364395.7513902
File C:\Users\DELL\AppData\Local\Programs\Python\Python311\Lib\socket.py first seen with mtime 1692869352.0
File C:\Users\DELL\Envs\test\Lib\site-packages\ckeditor_uploader\templates\ckeditor first seen with mtime 1738057669.039757
File C:\Users\DELL\Envs\test\Lib\site-packages\ckeditor_uploader\templates\ckeditor\browse.html first seen with mtime 1738057669.039757
File C:\Users\DELL\projects\telusko\templates\base.html first seen with mtime 1737375210.5763793
File C:\Users\DELL\projects\telusko\templates\description.html first seen with mtime 1738233222.4620092
File C:\Users\DELL\projects\telusko\templates\home.html first seen with mtime 1737452897.9175563
File C:\Users\DELL\projects\telusko\templates\index.html first seen with mtime 1738319777.1610572
File C:\Users\DELL\projects\telusko\templates\login.html first seen with mtime 1738228667.969802
File C:\Users\DELL\projects\telusko\templates\register.html first seen with mtime 1738228696.0945451
File C:\Users\DELL\projects\telusko\templates\result.html first seen with mtime 1737375874.9669204
File C:\Users\DELL\Envs\test\Lib\site-packages\ckeditor\templates\ckeditor first seen with mtime 1738057668.985672
File C:\Users\DELL\Envs\test\Lib\site-packages\ckeditor\templates\ckeditor\widget.html first seen with mtime 1738057668.985672
File C:\Users\DELL\Envs\test\Lib\site-packages\django\db\migrations\loader.py first seen with mtime 1737364401.2692893
File C:\Users\DELL\projects\telusko\travello\migrations\__init__.py first seen with mtime 1737452597.9423423
File C:\Users\DELL\Envs\test\Lib\site-packages\django\db\migrations\executor.py first seen with mtime 1737364401.266295
File C:\Users\DELL\Envs\test\Lib\site-packages\django\db\models\sql\compiler.py first seen with mtime 1737364401.3520439
File C:\Users\DELL\Envs\test\Lib\site-packages\django\contrib\auth\migrations\0007_alter_validators_add_error_messages.py first seen with mtime 1737364397.0750835
File C:\Users\DELL\Envs\test\Lib\site-packages\django\contrib\auth\migrations\0008_alter_user_username_max_length.py first seen with mtime 1737364397.0760813
File C:\Users\DELL\Envs\test\Lib\site-packages\django\contrib\auth\migrations\0009_alter_user_last_name_max_length.py first seen with mtime 1737364397.0770812
File C:\Users\DELL\Envs\test\Lib\site-packages\django\contrib\auth\migrations\0011_update_proxy_permissions.py first seen with mtime 1737364397.080078
File C:\Users\DELL\Envs\test\Lib\site-packages\django\middleware\common.py first seen with mtime 1737364401.4739356
File C:\Users\DELL\projects\telusko\travello\migrations\0002_alter_destination_des.py first seen with mtime 1738057891.4650052
File C:\Users\DELL\Envs\test\Lib\site-packages\django\contrib\auth\migrations\0002_alter_permission_name_max_length.py first seen with mtime 1737364397.0690885
File C:\Users\DELL\Envs\test\Lib\site-packages\django\contrib\auth\migrations\0006_require_contenttypes_0002.py first seen with mtime 1737364397.074083
File C:\Users\DELL\Envs\test\Lib\site-packages\django\contrib\admin\migrations\0001_initial.py first seen with mtime 1737364396.2929058
File C:\Users\DELL\projects\telusko\travello\migrations\0004_comments.py first seen with mtime 1738132847.2946343
File C:\Users\DELL\Envs\test\Lib\site-packages\django\contrib\sessions\migrations\0001_initial.py first seen with mtime 1737364400.5674891
File C:\Users\DELL\Envs\test\Lib\site-packages\django\contrib\auth\migrations\0010_alter_group_name_max_length.py first seen with mtime 1737364397.0790782
File C:\Users\DELL\projects\telusko\travello\migrations\0005_comments_parent.py first seen with mtime 1738145926.0143678
File C:\Users\DELL\Envs\test\Lib\site-packages\django\contrib\admin\migrations\0003_logentry_add_action_flag_choices.py first seen with mtime 1737364396.294904
File C:\Users\DELL\AppData\Local\Programs\Python\Python311\Lib\encodings\idna.py first seen with mtime 1692869350.0
File C:\Users\DELL\Envs\test\Lib\site-packages\django\middleware\clickjacking.py first seen with mtime 1737364401.4739356
File C:\Users\DELL\Envs\test\Lib\site-packages\django\contrib\auth\migrations\0012_alter_user_first_name_max_length.py first seen with mtime 1737364397.0810773
File C:\Users\DELL\Envs\test\Lib\site-packages\django\contrib\sessions\migrations\__init__.py first seen with mtime 1737364400.5684884
File C:\Users\DELL\projects\telusko\travello\migrations\0008_comments_dislikes.py first seen with mtime 1738227866.5806205
File C:\Users\DELL\projects\telusko\travello\migrations\0007_comments_likes.py first seen with mtime 1738227119.2796016
File C:\Users\DELL\Envs\test\Lib\site-packages\django\contrib\sessions\backends\db.py first seen with mtime 1737364400.2091608
File C:\Users\DELL\Envs\test\Lib\site-packages\django\contrib\admin\migrations\0002_logentry_remove_auto_add.py first seen with mtime 1737364396.2929058
File C:\Users\DELL\Envs\test\Lib\site-packages\django\views\csrf.py first seen with mtime 1737364401.573954
File C:\Users\DELL\Envs\test\Lib\site-packages\django\contrib\auth\migrations\0003_alter_user_email_max_length.py first seen with mtime 1737364397.0700872
File C:\Users\DELL\Envs\test\Lib\site-packages\django\contrib\contenttypes\migrations\0001_initial.py first seen with mtime 1737364397.4600232
File C:\Users\DELL\Envs\test\Lib\site-packages\django\db\migrations\recorder.py first seen with mtime 1737364401.2732866
File C:\Users\DELL\projects\telusko\travello\migrations\0003_alter_destination_des.py first seen with mtime 1738066921.767622
File C:\Users\DELL\Envs\test\Lib\site-packages\django\contrib\auth\migrations\0005_alter_user_last_login_null.py first seen with mtime 1737364397.073085
File C:\Users\DELL\Envs\test\Lib\site-packages\django\contrib\messages\middleware.py first seen with mtime 1737364399.363989
File C:\Users\DELL\Envs\test\Lib\site-packages\django\contrib\auth\migrations\0004_alter_user_username_opts.py first seen with mtime 1737364397.072086
File C:\Users\DELL\Envs\test\Lib\site-packages\django\contrib\admin\migrations\__init__.py first seen with mtime 1737364396.294904
File C:\Users\DELL\Envs\test\Lib\site-packages\django\contrib\auth\migrations\0001_initial.py first seen with mtime 1737364397.0680907
File C:\Users\DELL\Envs\test\Lib\site-packages\django\db\migrations\graph.py first seen with mtime 1737364401.2672913
File C:\Users\DELL\Envs\test\Lib\site-packages\django\contrib\auth\migrations\__init__.py first seen with mtime 1737364397.0810773
File C:\Users\DELL\projects\telusko\telusko\wsgi.py first seen with mtime 1737364903.9582171
File C:\Users\DELL\projects\telusko\travello\migrations\0006_alter_comments_parent.py first seen with mtime 1738146934.2486832
File C:\Users\DELL\projects\telusko\travello\migrations\0001_initial.py first seen with mtime 1737623545.8238232
File C:\Users\DELL\Envs\test\Lib\site-packages\django\contrib\contenttypes\migrations\0002_remove_content_type_name.py first seen with mtime 1737364397.462023
File C:\Users\DELL\AppData\Local\Programs\Python\Python311\Lib\stringprep.py first seen with mtime 1692869352.0
File C:\Users\DELL\projects\telusko\travello\migrations\0009_visitortracking.py first seen with mtime 1738575309.3104372
File C:\Users\DELL\Envs\test\Lib\site-packages\django\contrib\contenttypes\migrations\__init__.py first seen with mtime 1737364397.462023
(0.000) SELECT "django_session"."session_key", "django_session"."session_data", "django_session"."expire_date" FROM "django_session" WHERE ("django_session"."expire_date" > '2025-02-03T10:20:13.323731+00:00'::timestamptz AND "django_session"."session_key" = 'tmn7j8wy4w4q64nvqxbjg01sd6qfyt7s') LIMIT 21; args=(datetime.datetime(2025, 2, 3, 10, 20, 13, 323731, tzinfo=datetime.timezone.utc), 'tmn7j8wy4w4q64nvqxbjg01sd6qfyt7s'); alias=default
"GET /accounts/login HTTP/1.1" 200 1958
File C:\Users\DELL\Envs\test\Lib\site-packages\django\contrib\messages\storage\cookie.py first seen with mtime 1737364399.3719828
File C:\Users\DELL\Envs\test\Lib\site-packages\django\contrib\auth\context_processors.py first seen with mtime 1737364396.740394
File C:\Users\DELL\Envs\test\Lib\site-packages\django\contrib\messages\storage\session.py first seen with mtime 1737364399.3749802
File C:\Users\DELL\Envs\test\Lib\site-packages\django\template\context_processors.py first seen with mtime 1737364401.4859247
File C:\Users\DELL\Envs\test\Lib\site-packages\django\contrib\sessions\serializers.py first seen with mtime 1737364400.2011676
File C:\Users\DELL\Envs\test\Lib\site-packages\django\contrib\messages\context_processors.py first seen with mtime 1737364399.3629904
File C:\Users\DELL\Envs\test\Lib\site-packages\django\contrib\messages\storage\fallback.py first seen with mtime 1737364399.3739808
(0.000) SELECT "django_session"."session_key", "django_session"."session_data", "django_session"."expire_date" FROM "django_session" WHERE ("django_session"."expire_date" > '2025-02-03T10:20:17.827089+00:00'::timestamptz AND "django_session"."session_key" = 'tmn7j8wy4w4q64nvqxbjg01sd6qfyt7s') LIMIT 21; args=(datetime.datetime(2025, 2, 3, 10, 20, 17, 827089, tzinfo=datetime.timezone.utc), 'tmn7j8wy4w4q64nvqxbjg01sd6qfyt7s'); alias=default
(0.000) SELECT "travello_destination"."id", "travello_destination"."name", "travello_destination"."img", "travello_destination"."des", "travello_destination"."price", "travello_destination"."offer" FROM "travello_destination" LIMIT 21; args=(); alias=default
Exception while resolving variable 'visited_count' in template 'index.html'.
Traceback (most recent call last):
  File "C:\Users\DELL\Envs\test\Lib\site-packages\django\template\base.py", line 883, in _resolve_lookup
    current = current[bit]
              ~~~~~~~^^^^^
  File "C:\Users\DELL\Envs\test\Lib\site-packages\django\template\context.py", line 85, in __getitem__
    raise KeyError(key)
KeyError: 'visited_count'

During handling of the above exception, another exception occurred:

Traceback (most recent call last):
  File "C:\Users\DELL\Envs\test\Lib\site-packages\django\template\base.py", line 889, in _resolve_lookup
    if isinstance(current, BaseContext) and getattr(
                                            ^^^^^^^^
AttributeError: type object 'RequestContext' has no attribute 'visited_count'

During handling of the above exception, another exception occurred:

Traceback (most recent call last):
  File "C:\Users\DELL\Envs\test\Lib\site-packages\django\template\base.py", line 899, in _resolve_lookup
    current = current[int(bit)]
                      ^^^^^^^^
ValueError: invalid literal for int() with base 10: 'visited_count'

During handling of the above exception, another exception occurred:

Traceback (most recent call last):
  File "C:\Users\DELL\Envs\test\Lib\site-packages\django\template\base.py", line 906, in _resolve_lookup
    raise VariableDoesNotExist(
django.template.base.VariableDoesNotExist: Failed lookup for key [visited_count] in [{'True': True, 'False': False, 'None': None}, {'csrf_token': <SimpleLazyObject: <function csrf.<locals>._get_val at 0x000001C53AE16160>>, 'request': <WSGIRequest: GET '/'>, 'user': <SimpleLazyObject: <django.contrib.auth.models.AnonymousUser object at 0x000001C53B281E90>>, 'perms': PermWrapper(<SimpleLazyObject: <django.contrib.auth.models.AnonymousUser object at 0x000001C53B281E90>>), 'messages': <FallbackStorage: request=<WSGIRequest: GET '/'>>, 'DEFAULT_MESSAGE_LEVELS': {'DEBUG': 10, 'INFO': 20, 'SUCCESS': 25, 'WARNING': 30, 'ERROR': 40}}, {}, {'dects': <QuerySet [<Destination: MUMBAI>, <Destination: Bengaluru>, <Destination: Pune>]>, 'BaseURL': '/static/images'}]
(0.000) SELECT "travello_destination"."id", "travello_destination"."name", "travello_destination"."img", "travello_destination"."des", "travello_destination"."price", "travello_destination"."offer" FROM "travello_destination"; args=(); alias=default
Exception while resolving variable 'visited_count' in template 'index.html'.
Traceback (most recent call last):
  File "C:\Users\DELL\Envs\test\Lib\site-packages\django\template\base.py", line 883, in _resolve_lookup
    current = current[bit]
              ~~~~~~~^^^^^
  File "C:\Users\DELL\Envs\test\Lib\site-packages\django\template\context.py", line 85, in __getitem__
    raise KeyError(key)
KeyError: 'visited_count'

During handling of the above exception, another exception occurred:

Traceback (most recent call last):
  File "C:\Users\DELL\Envs\test\Lib\site-packages\django\template\base.py", line 889, in _resolve_lookup
    if isinstance(current, BaseContext) and getattr(
                                            ^^^^^^^^
AttributeError: type object 'RequestContext' has no attribute 'visited_count'

During handling of the above exception, another exception occurred:

Traceback (most recent call last):
  File "C:\Users\DELL\Envs\test\Lib\site-packages\django\template\base.py", line 899, in _resolve_lookup
    current = current[int(bit)]
                      ^^^^^^^^
ValueError: invalid literal for int() with base 10: 'visited_count'

During handling of the above exception, another exception occurred:

Traceback (most recent call last):
  File "C:\Users\DELL\Envs\test\Lib\site-packages\django\template\base.py", line 906, in _resolve_lookup
    raise VariableDoesNotExist(
django.template.base.VariableDoesNotExist: Failed lookup for key [visited_count] in [{'True': True, 'False': False, 'None': None}, {'csrf_token': <SimpleLazyObject: <function csrf.<locals>._get_val at 0x000001C53AE16160>>, 'request': <WSGIRequest: GET '/'>, 'user': <SimpleLazyObject: <django.contrib.auth.models.AnonymousUser object at 0x000001C53B281E90>>, 'perms': PermWrapper(<SimpleLazyObject: <django.contrib.auth.models.AnonymousUser object at 0x000001C53B281E90>>), 'messages': <FallbackStorage: request=<WSGIRequest: GET '/'>>, 'DEFAULT_MESSAGE_LEVELS': {'DEBUG': 10, 'INFO': 20, 'SUCCESS': 25, 'WARNING': 30, 'ERROR': 40}}, {}, {'dects': <QuerySet [<Destination: MUMBAI>, <Destination: Bengaluru>, <Destination: Pune>]>, 'BaseURL': '/static/images'}, {'forloop': {'parentloop': {}, 'counter0': 0, 'counter': 1, 'revcounter': 3, 'revcounter0': 2, 'first': True, 'last': False}, 'dect': <Destination: MUMBAI>}]
Exception while resolving variable 'visited_count' in template 'index.html'.
Traceback (most recent call last):
  File "C:\Users\DELL\Envs\test\Lib\site-packages\django\template\base.py", line 883, in _resolve_lookup
    current = current[bit]
              ~~~~~~~^^^^^
  File "C:\Users\DELL\Envs\test\Lib\site-packages\django\template\context.py", line 85, in __getitem__
    raise KeyError(key)
KeyError: 'visited_count'

During handling of the above exception, another exception occurred:

Traceback (most recent call last):
  File "C:\Users\DELL\Envs\test\Lib\site-packages\django\template\base.py", line 889, in _resolve_lookup
    if isinstance(current, BaseContext) and getattr(
                                            ^^^^^^^^
AttributeError: type object 'RequestContext' has no attribute 'visited_count'

During handling of the above exception, another exception occurred:

Traceback (most recent call last):
  File "C:\Users\DELL\Envs\test\Lib\site-packages\django\template\base.py", line 899, in _resolve_lookup
    current = current[int(bit)]
                      ^^^^^^^^
ValueError: invalid literal for int() with base 10: 'visited_count'

During handling of the above exception, another exception occurred:

Traceback (most recent call last):
  File "C:\Users\DELL\Envs\test\Lib\site-packages\django\template\base.py", line 906, in _resolve_lookup
    raise VariableDoesNotExist(
django.template.base.VariableDoesNotExist: Failed lookup for key [visited_count] in [{'True': True, 'False': False, 'None': None}, {'csrf_token': <SimpleLazyObject: <function csrf.<locals>._get_val at 0x000001C53AE16160>>, 'request': <WSGIRequest: GET '/'>, 'user': <SimpleLazyObject: <django.contrib.auth.models.AnonymousUser object at 0x000001C53B281E90>>, 'perms': PermWrapper(<SimpleLazyObject: <django.contrib.auth.models.AnonymousUser object at 0x000001C53B281E90>>), 'messages': <FallbackStorage: request=<WSGIRequest: GET '/'>>, 'DEFAULT_MESSAGE_LEVELS': {'DEBUG': 10, 'INFO': 20, 'SUCCESS': 25, 'WARNING': 30, 'ERROR': 40}}, {}, {'dects': <QuerySet [<Destination: MUMBAI>, <Destination: Bengaluru>, <Destination: Pune>]>, 'BaseURL': '/static/images'}, {'forloop': {'parentloop': {}, 'counter0': 0, 'counter': 1, 'revcounter': 3, 'revcounter0': 2, 'first': True, 'last': False}, 'dect': <Destination: MUMBAI>}]
Exception while resolving variable 'visited_count' in template 'index.html'.
Traceback (most recent call last):
  File "C:\Users\DELL\Envs\test\Lib\site-packages\django\template\base.py", line 883, in _resolve_lookup
    current = current[bit]
              ~~~~~~~^^^^^
  File "C:\Users\DELL\Envs\test\Lib\site-packages\django\template\context.py", line 85, in __getitem__
    raise KeyError(key)
KeyError: 'visited_count'

During handling of the above exception, another exception occurred:

Traceback (most recent call last):
  File "C:\Users\DELL\Envs\test\Lib\site-packages\django\template\base.py", line 889, in _resolve_lookup
    if isinstance(current, BaseContext) and getattr(
                                            ^^^^^^^^
AttributeError: type object 'RequestContext' has no attribute 'visited_count'

During handling of the above exception, another exception occurred:

Traceback (most recent call last):
  File "C:\Users\DELL\Envs\test\Lib\site-packages\django\template\base.py", line 899, in _resolve_lookup
    current = current[int(bit)]
                      ^^^^^^^^
ValueError: invalid literal for int() with base 10: 'visited_count'

During handling of the above exception, another exception occurred:

Traceback (most recent call last):
  File "C:\Users\DELL\Envs\test\Lib\site-packages\django\template\base.py", line 906, in _resolve_lookup
    raise VariableDoesNotExist(
django.template.base.VariableDoesNotExist: Failed lookup for key [visited_count] in [{'True': True, 'False': False, 'None': None}, {'csrf_token': <SimpleLazyObject: <function csrf.<locals>._get_val at 0x000001C53AE16160>>, 'request': <WSGIRequest: GET '/'>, 'user': <SimpleLazyObject: <django.contrib.auth.models.AnonymousUser object at 0x000001C53B281E90>>, 'perms': PermWrapper(<SimpleLazyObject: <django.contrib.auth.models.AnonymousUser object at 0x000001C53B281E90>>), 'messages': <FallbackStorage: request=<WSGIRequest: GET '/'>>, 'DEFAULT_MESSAGE_LEVELS': {'DEBUG': 10, 'INFO': 20, 'SUCCESS': 25, 'WARNING': 30, 'ERROR': 40}}, {}, {'dects': <QuerySet [<Destination: MUMBAI>, <Destination: Bengaluru>, <Destination: Pune>]>, 'BaseURL': '/static/images'}, {'forloop': {'parentloop': {}, 'counter0': 1, 'counter': 2, 'revcounter': 2, 'revcounter0': 1, 'first': False, 'last': False}, 'dect': <Destination: Bengaluru>}]
Exception while resolving variable 'visited_count' in template 'index.html'.
Traceback (most recent call last):
  File "C:\Users\DELL\Envs\test\Lib\site-packages\django\template\base.py", line 883, in _resolve_lookup
    current = current[bit]
              ~~~~~~~^^^^^
  File "C:\Users\DELL\Envs\test\Lib\site-packages\django\template\context.py", line 85, in __getitem__
    raise KeyError(key)
KeyError: 'visited_count'

During handling of the above exception, another exception occurred:

Traceback (most recent call last):
  File "C:\Users\DELL\Envs\test\Lib\site-packages\django\template\base.py", line 889, in _resolve_lookup
    if isinstance(current, BaseContext) and getattr(
                                            ^^^^^^^^
AttributeError: type object 'RequestContext' has no attribute 'visited_count'

During handling of the above exception, another exception occurred:

Traceback (most recent call last):
  File "C:\Users\DELL\Envs\test\Lib\site-packages\django\template\base.py", line 899, in _resolve_lookup
    current = current[int(bit)]
                      ^^^^^^^^
ValueError: invalid literal for int() with base 10: 'visited_count'

During handling of the above exception, another exception occurred:

Traceback (most recent call last):
  File "C:\Users\DELL\Envs\test\Lib\site-packages\django\template\base.py", line 906, in _resolve_lookup
    raise VariableDoesNotExist(
django.template.base.VariableDoesNotExist: Failed lookup for key [visited_count] in [{'True': True, 'False': False, 'None': None}, {'csrf_token': <SimpleLazyObject: <function csrf.<locals>._get_val at 0x000001C53AE16160>>, 'request': <WSGIRequest: GET '/'>, 'user': <SimpleLazyObject: <django.contrib.auth.models.AnonymousUser object at 0x000001C53B281E90>>, 'perms': PermWrapper(<SimpleLazyObject: <django.contrib.auth.models.AnonymousUser object at 0x000001C53B281E90>>), 'messages': <FallbackStorage: request=<WSGIRequest: GET '/'>>, 'DEFAULT_MESSAGE_LEVELS': {'DEBUG': 10, 'INFO': 20, 'SUCCESS': 25, 'WARNING': 30, 'ERROR': 40}}, {}, {'dects': <QuerySet [<Destination: MUMBAI>, <Destination: Bengaluru>, <Destination: Pune>]>, 'BaseURL': '/static/images'}, {'forloop': {'parentloop': {}, 'counter0': 1, 'counter': 2, 'revcounter': 2, 'revcounter0': 1, 'first': False, 'last': False}, 'dect': <Destination: Bengaluru>}]
Exception while resolving variable 'visited_count' in template 'index.html'.
Traceback (most recent call last):
  File "C:\Users\DELL\Envs\test\Lib\site-packages\django\template\base.py", line 883, in _resolve_lookup
    current = current[bit]
              ~~~~~~~^^^^^
  File "C:\Users\DELL\Envs\test\Lib\site-packages\django\template\context.py", line 85, in __getitem__
    raise KeyError(key)
KeyError: 'visited_count'

During handling of the above exception, another exception occurred:

Traceback (most recent call last):
  File "C:\Users\DELL\Envs\test\Lib\site-packages\django\template\base.py", line 889, in _resolve_lookup
    if isinstance(current, BaseContext) and getattr(
                                            ^^^^^^^^
AttributeError: type object 'RequestContext' has no attribute 'visited_count'

During handling of the above exception, another exception occurred:

Traceback (most recent call last):
  File "C:\Users\DELL\Envs\test\Lib\site-packages\django\template\base.py", line 899, in _resolve_lookup
    current = current[int(bit)]
                      ^^^^^^^^
ValueError: invalid literal for int() with base 10: 'visited_count'

During handling of the above exception, another exception occurred:

Traceback (most recent call last):
  File "C:\Users\DELL\Envs\test\Lib\site-packages\django\template\base.py", line 906, in _resolve_lookup
    raise VariableDoesNotExist(
django.template.base.VariableDoesNotExist: Failed lookup for key [visited_count] in [{'True': True, 'False': False, 'None': None}, {'csrf_token': <SimpleLazyObject: <function csrf.<locals>._get_val at 0x000001C53AE16160>>, 'request': <WSGIRequest: GET '/'>, 'user': <SimpleLazyObject: <django.contrib.auth.models.AnonymousUser object at 0x000001C53B281E90>>, 'perms': PermWrapper(<SimpleLazyObject: <django.contrib.auth.models.AnonymousUser object at 0x000001C53B281E90>>), 'messages': <FallbackStorage: request=<WSGIRequest: GET '/'>>, 'DEFAULT_MESSAGE_LEVELS': {'DEBUG': 10, 'INFO': 20, 'SUCCESS': 25, 'WARNING': 30, 'ERROR': 40}}, {}, {'dects': <QuerySet [<Destination: MUMBAI>, <Destination: Bengaluru>, <Destination: Pune>]>, 'BaseURL': '/static/images'}, {'forloop': {'parentloop': {}, 'counter0': 2, 'counter': 3, 'revcounter': 1, 'revcounter0': 0, 'first': False, 'last': True}, 'dect': <Destination: Pune>}]
Exception while resolving variable 'visited_count' in template 'index.html'.
Traceback (most recent call last):
  File "C:\Users\DELL\Envs\test\Lib\site-packages\django\template\base.py", line 883, in _resolve_lookup
    current = current[bit]
              ~~~~~~~^^^^^
  File "C:\Users\DELL\Envs\test\Lib\site-packages\django\template\context.py", line 85, in __getitem__
    raise KeyError(key)
KeyError: 'visited_count'

During handling of the above exception, another exception occurred:

Traceback (most recent call last):
  File "C:\Users\DELL\Envs\test\Lib\site-packages\django\template\base.py", line 889, in _resolve_lookup
    if isinstance(current, BaseContext) and getattr(
                                            ^^^^^^^^
AttributeError: type object 'RequestContext' has no attribute 'visited_count'

During handling of the above exception, another exception occurred:

Traceback (most recent call last):
  File "C:\Users\DELL\Envs\test\Lib\site-packages\django\template\base.py", line 899, in _resolve_lookup
    current = current[int(bit)]
                      ^^^^^^^^
ValueError: invalid literal for int() with base 10: 'visited_count'

During handling of the above exception, another exception occurred:

Traceback (most recent call last):
  File "C:\Users\DELL\Envs\test\Lib\site-packages\django\template\base.py", line 906, in _resolve_lookup
    raise VariableDoesNotExist(
django.template.base.VariableDoesNotExist: Failed lookup for key [visited_count] in [{'True': True, 'False': False, 'None': None}, {'csrf_token': <SimpleLazyObject: <function csrf.<locals>._get_val at 0x000001C53AE16160>>, 'request': <WSGIRequest: GET '/'>, 'user': <SimpleLazyObject: <django.contrib.auth.models.AnonymousUser object at 0x000001C53B281E90>>, 'perms': PermWrapper(<SimpleLazyObject: <django.contrib.auth.models.AnonymousUser object at 0x000001C53B281E90>>), 'messages': <FallbackStorage: request=<WSGIRequest: GET '/'>>, 'DEFAULT_MESSAGE_LEVELS': {'DEBUG': 10, 'INFO': 20, 'SUCCESS': 25, 'WARNING': 30, 'ERROR': 40}}, {}, {'dects': <QuerySet [<Destination: MUMBAI>, <Destination: Bengaluru>, <Destination: Pune>]>, 'BaseURL': '/static/images'}, {'forloop': {'parentloop': {}, 'counter0': 2, 'counter': 3, 'revcounter': 1, 'revcounter0': 0, 'first': False, 'last': True}, 'dect': <Destination: Pune>}]
"GET / HTTP/1.1" 200 21541
"GET /static/beach.svg HTTP/1.1" 404 1841
File C:\Users\DELL\Envs\test\Lib\site-packages\django\conf\locale\en\formats.py first seen with mtime 1737364395.3492498
File C:\Users\DELL\Envs\test\Lib\site-packages\django\conf\locale\en\__init__.py first seen with mtime 1737364395.3482516
File C:\Users\DELL\Envs\test\Lib\site-packages\django\contrib\staticfiles\storage.py first seen with mtime 1737364400.9587922
(0.000) SELECT "django_session"."session_key", "django_session"."session_data", "django_session"."expire_date" FROM "django_session" WHERE ("django_session"."expire_date" > '2025-02-03T10:20:20.455325+00:00'::timestamptz AND "django_session"."session_key" = 'tmn7j8wy4w4q64nvqxbjg01sd6qfyt7s') LIMIT 21; args=(datetime.datetime(2025, 2, 3, 10, 20, 20, 455325, tzinfo=datetime.timezone.utc), 'tmn7j8wy4w4q64nvqxbjg01sd6qfyt7s'); alias=default
"GET /accounts/login HTTP/1.1" 200 1958
(0.016) SELECT "django_session"."session_key", "django_session"."session_data", "django_session"."expire_date" FROM "django_session" WHERE ("django_session"."expire_date" > '2025-02-03T10:20:32.446152+00:00'::timestamptz AND "django_session"."session_key" = 'tmn7j8wy4w4q64nvqxbjg01sd6qfyt7s') LIMIT 21; args=(datetime.datetime(2025, 2, 3, 10, 20, 32, 446152, tzinfo=datetime.timezone.utc), 'tmn7j8wy4w4q64nvqxbjg01sd6qfyt7s'); alias=default
"GET /accounts/login HTTP/1.1" 200 1958
(0.000) SELECT "django_session"."session_key", "django_session"."session_data", "django_session"."expire_date" FROM "django_session" WHERE ("django_session"."expire_date" > '2025-02-03T10:21:29.402518+00:00'::timestamptz AND "django_session"."session_key" = 'tmn7j8wy4w4q64nvqxbjg01sd6qfyt7s') LIMIT 21; args=(datetime.datetime(2025, 2, 3, 10, 21, 29, 402518, tzinfo=datetime.timezone.utc), 'tmn7j8wy4w4q64nvqxbjg01sd6qfyt7s'); alias=default
"GET /accounts/login HTTP/1.1" 200 1958
(0.000) SELECT "django_session"."session_key", "django_session"."session_data", "django_session"."expire_date" FROM "django_session" WHERE ("django_session"."expire_date" > '2025-02-03T10:21:42.826021+00:00'::timestamptz AND "django_session"."session_key" = 'tmn7j8wy4w4q64nvqxbjg01sd6qfyt7s') LIMIT 21; args=(datetime.datetime(2025, 2, 3, 10, 21, 42, 826021, tzinfo=datetime.timezone.utc), 'tmn7j8wy4w4q64nvqxbjg01sd6qfyt7s'); alias=default
"GET /accounts/login HTTP/1.1" 200 1958
File C:\Users\DELL\projects\telusko\telusko\settings.py previous mtime: 1738577468.743836, current mtime: 1738578223.878104
C:\Users\DELL\projects\telusko\telusko\settings.py notified as changed. Signal results: [(<function template_changed at 0x000001C5399D0F40>, None), (<function translation_file_changed at 0x000001C53A9AD8A0>, None)].
C:\Users\DELL\projects\telusko\telusko\settings.py changed, reloading.
